[19:08:40] This is prokka 1.14.6
[19:08:40] Written by Torsten Seemann <torsten.seemann@gmail.com>
[19:08:40] Homepage is https://github.com/tseemann/prokka
[19:08:40] Local time is Mon Jan 24 19:08:40 2022
[19:08:40] You are dl
[19:08:40] Operating system is linux
[19:08:40] You have BioPerl 1.007002
[19:08:40] System has 24 cores.
[19:08:40] Will use maximum of 24 cores.
[19:08:40] Annotating as >>> Bacteria <<<
[19:08:40] Generating locus_tag from 'MARD_SAMEA2272692_REFG_MMP2272692.fna' contents.
[19:08:40] Setting --locustag KEGMDMCK from MD5 4e06d6c48f9805f0f2a50c168778f26e
[19:08:40] Enabling options to ensure Genbank/ENA/DDJB submission compliance.
[19:08:40] Creating new output folder: MARD_SAMEA2272692_REFG_MMP2272692.prokka.d
[19:08:40] Running: mkdir -p MARD_SAMEA2272692_REFG_MMP2272692\.prokka\.d
[19:08:40] Using filename prefix: MARD_SAMEA2272692_REFG_MMP2272692.XXX
[19:08:40] Setting HMMER_NCPU=1
[19:08:40] Writing log to: MARD_SAMEA2272692_REFG_MMP2272692.prokka.d/MARD_SAMEA2272692_REFG_MMP2272692.log
[19:08:40] Command: /home/dl/miniconda3/envs/prokka/bin/prokka --outdir=MARD_SAMEA2272692_REFG_MMP2272692.prokka.d --prefix=MARD_SAMEA2272692_REFG_MMP2272692 --cpus=0 --centre X --compliant MARD_SAMEA2272692_REFG_MMP2272692.fna
[19:08:40] Appending to PATH: /home/dl/miniconda3/envs/prokka/bin
[19:08:40] Looking for 'aragorn' - found /home/dl/miniconda3/envs/prokka/bin/aragorn
[19:08:40] Determined aragorn version is 001002 from 'ARAGORN v1.2.38 Dean Laslett'
[19:08:40] Looking for 'barrnap' - found /home/dl/miniconda3/envs/prokka/bin/barrnap
[19:08:40] Determined barrnap version is 000009 from 'barrnap 0.9'
[19:08:40] Looking for 'blastp' - found /home/dl/miniconda3/envs/prokka/bin/blastp
[19:08:41] Determined blastp version is 002012 from 'blastp: 2.12.0+'
[19:08:41] Looking for 'cmpress' - found /home/dl/miniconda3/envs/prokka/bin/cmpress
[19:08:41] Determined cmpress version is 001001 from '# INFERNAL 1.1.4 (Dec 2020)'
[19:08:41] Looking for 'cmscan' - found /home/dl/miniconda3/envs/prokka/bin/cmscan
[19:08:41] Determined cmscan version is 001001 from '# INFERNAL 1.1.4 (Dec 2020)'
[19:08:41] Looking for 'egrep' - found /usr/bin/egrep
[19:08:41] Looking for 'find' - found /usr/bin/find
[19:08:41] Looking for 'grep' - found /usr/bin/grep
[19:08:41] Looking for 'hmmpress' - found /home/dl/miniconda3/envs/prokka/bin/hmmpress
[19:08:41] Determined hmmpress version is 003003 from '# HMMER 3.3.2 (Nov 2020); http://hmmer.org/'
[19:08:41] Looking for 'hmmscan' - found /home/dl/miniconda3/envs/prokka/bin/hmmscan
[19:08:41] Determined hmmscan version is 003003 from '# HMMER 3.3.2 (Nov 2020); http://hmmer.org/'
[19:08:41] Looking for 'java' - found /home/dl/miniconda3/envs/prokka/bin/java
[19:08:41] Looking for 'makeblastdb' - found /home/dl/miniconda3/envs/prokka/bin/makeblastdb
[19:08:42] Determined makeblastdb version is 002012 from 'makeblastdb: 2.12.0+'
[19:08:42] Looking for 'minced' - found /home/dl/miniconda3/envs/prokka/bin/minced
[19:08:42] Determined minced version is 004002 from 'minced 0.4.2'
[19:08:42] Looking for 'parallel' - found /home/dl/miniconda3/envs/prokka/bin/parallel
[19:08:42] Determined parallel version is 20211222 from 'GNU parallel 20211222'
[19:08:42] Looking for 'prodigal' - found /home/dl/miniconda3/envs/prokka/bin/prodigal
[19:08:42] Determined prodigal version is 002006 from 'Prodigal V2.6.3: February, 2016'
[19:08:42] Looking for 'prokka-genbank_to_fasta_db' - found /home/dl/miniconda3/envs/prokka/bin/prokka-genbank_to_fasta_db
[19:08:42] Looking for 'sed' - found /usr/bin/sed
[19:08:42] Looking for 'tbl2asn' - found /home/dl/miniconda3/envs/prokka/bin/tbl2asn
[19:08:42] Determined tbl2asn version is 025007 from 'tbl2asn 25.7   arguments:'
[19:08:42] Using genetic code table 11.
[19:08:42] Loading and checking input file: MARD_SAMEA2272692_REFG_MMP2272692.fna
[19:08:42] Wrote 90 contigs totalling 3243759 bp.
[19:08:42] Predicting tRNAs and tmRNAs
[19:08:42] Running: aragorn -l -gc11  -w MARD_SAMEA2272692_REFG_MMP2272692\.prokka\.d\/MARD_SAMEA2272692_REFG_MMP2272692\.fna
[19:08:42] 1 tRNA-Cys [60950,61021] 33 (gca)
[19:08:42] 1 tRNA-Asn c[6074,6147] 34 (gtt)
[19:08:42] 1 tRNA-Val c[42058,42130] 34 (tac)
[19:08:42] 2 tRNA-His [87114,87187] 34 (gtg)
[19:08:42] 1 tRNA-Ser [2216,2302] 36 (tga)
[19:08:42] 1 tRNA-Thr c[4243,4314] 33 (tgt)
[19:08:42] 2 tRNA-Met c[23190,23266] 35 (cat)
[19:08:42] 1 tRNA-Ser c[11699,11787] 36 (cga)
[19:08:42] 1 tRNA-Ile [1856,1931] 35 (gat)
[19:08:42] 2 tRNA-Ala [1980,2054] 35 (tgc)
[19:08:42] 1 tRNA-Thr c[7746,7817] 33 (cgt)
[19:08:42] 1 tRNA-Gly c[3375,3446] 33 (gcc)
[19:08:42] 1 tRNA-Asp c[23432,23505] 35 (gtc)
[19:08:42] 1 tRNA-Met c[5847,5919] 34 (cat)
[19:08:42] 2 tRNA-Trp c[77105,77178] 34 (cca)
[19:08:42] 3 tRNA-Ser [87257,87348] 35 (gct)
[19:08:42] 4 tRNA-Met [188777,188851] 35 (cat)
[19:08:42] 5 tmRNA [210339,210732] 101,151 ANNIVSFARKPVAAIA*
[19:08:42] 6 tRNA-Gly c[285748,285818] 33 (tcc)
[19:08:42] 7 tRNA-Tyr [358143,358227] 35 (gta)
[19:08:42] 8 tRNA-Thr [358300,358371] 33 (ggt)
[19:08:42] 1 tRNA-Arg [4650,4725] 36 (tct)
[19:08:42] 1 tRNA-Glu c[26657,26730] 35 (ttc)
[19:08:42] 2 tRNA-Pro c[39531,39604] 35 (tgg)
[19:08:42] 1 tRNA-Phe c[5277,5351] 35 (gaa)
[19:08:42] 1 tRNA-Arg [28234,28310] 36 (cct)
[19:08:42] 1 tRNA-Leu c[14947,15027] 35 (gag)
[19:08:42] 2 tRNA-Ala c[46220,46295] 35 (cgc)
[19:08:42] 1 tRNA-Ala c[2886,2960] 35 (ggc)
[19:08:42] 2 tRNA-Arg c[251164,251237] 35 (acg)
[19:08:42] 3 tRNA-Pro [252691,252764] 35 (cgg)
[19:08:42] 4 tRNA-Ser c[257522,257610] 36 (gga)
[19:08:42] 5 tRNA-Leu c[295831,295914] 35 (cag)
[19:08:42] 6 tRNA-Leu [298573,298658] 36 (caa)
[19:08:42] 1 tRNA-Leu c[17604,17687] 36 (tag)
[19:08:43] 1 tRNA-Val c[21850,21924] 35 (gac)
[19:08:43] 2 tRNA-Gln c[35205,35278] 34 (ttg)
[19:08:43] 1 tRNA-Arg c[5676,5751] 35 (ccg)
[19:08:43] 1 tRNA-Pro c[62992,63065] 35 (ggg)
[19:08:43] 1 tRNA-Lys c[13904,13977] 34 (ttt)
[19:08:43] Found 40 tRNAs
[19:08:43] Predicting Ribosomal RNAs
[19:08:43] Running Barrnap with 24 threads
[19:08:43] 1 gnl|X|KEGMDMCK_28 219 16S ribosomal RNA
[19:08:43] 2 gnl|X|KEGMDMCK_28 2311 23S ribosomal RNA
[19:08:43] Found 2 rRNAs
[19:08:43] Skipping ncRNA search, enable with --rfam if desired.
[19:08:43] Total of 41 tRNA + rRNA features
[19:08:43] Searching for CRISPR repeats
[19:08:43] Found 0 CRISPRs
[19:08:43] Predicting coding sequences
[19:08:43] Contigs total 3243759 bp, so using single mode
[19:08:43] Running: prodigal -i MARD_SAMEA2272692_REFG_MMP2272692\.prokka\.d\/MARD_SAMEA2272692_REFG_MMP2272692\.fna -c -m -g 11 -p single -f sco -q
[19:08:45] Excluding CDS which overlaps existing RNA (tRNA) at gnl|X|KEGMDMCK_11:42038..42154 on - strand
[19:08:45] Excluding CDS which overlaps existing RNA (tRNA) at gnl|X|KEGMDMCK_11:87107..87274 on + strand
[19:08:45] Excluding CDS which overlaps existing RNA (tRNA) at gnl|X|KEGMDMCK_20:2184..2321 on + strand
[19:08:45] Excluding CDS which overlaps existing RNA (tRNA) at gnl|X|KEGMDMCK_23:11686..11910 on - strand
[19:08:45] Excluding CDS which overlaps existing RNA (rRNA) at gnl|X|KEGMDMCK_28:1157..1285 on + strand
[19:08:45] Excluding CDS which overlaps existing RNA (rRNA) at gnl|X|KEGMDMCK_28:1433..1663 on + strand
[19:08:45] Excluding CDS which overlaps existing RNA (rRNA) at gnl|X|KEGMDMCK_28:2706..2834 on + strand
[19:08:45] Excluding CDS which overlaps existing RNA (rRNA) at gnl|X|KEGMDMCK_28:4723..4899 on - strand
[19:08:45] Excluding CDS which overlaps existing RNA (tRNA) at gnl|X|KEGMDMCK_35:7684..7884 on - strand
[19:08:45] Excluding CDS which overlaps existing RNA (tRNA) at gnl|X|KEGMDMCK_37:3426..3521 on - strand
[19:08:45] Excluding CDS which overlaps existing RNA (tRNA) at gnl|X|KEGMDMCK_52:4514..4732 on - strand
[19:08:45] Excluding CDS which overlaps existing RNA (tRNA) at gnl|X|KEGMDMCK_66:17604..17786 on + strand
[19:08:46] Excluding CDS which overlaps existing RNA (tRNA) at gnl|X|KEGMDMCK_81:5665..5778 on - strand
[19:08:46] Found 2218 CDS
[19:08:46] Connecting features back to sequences
[19:08:46] Not using genus-specific database. Try --usegenus to enable it.
[19:08:46] Annotating CDS, please be patient.
[19:08:46] Will use 24 CPUs for similarity searching.
[19:08:46] There are still 2218 unannotated CDS left (started with 2218)
[19:08:46] Will use blast to search against /home/dl/miniconda3/envs/prokka/db/kingdom/Bacteria/IS with 24 CPUs
[19:08:46] Running: cat MARD_SAMEA2272692_REFG_MMP2272692\.prokka\.d\/MARD_SAMEA2272692_REFG_MMP2272692\.IS\.tmp\.3458936\.faa | parallel --gnu --plain -j 24 --block 12973 --recstart '>' --pipe blastp -query - -db /home/dl/miniconda3/envs/prokka/db/kingdom/Bacteria/IS -evalue 1e-30 -qcov_hsp_perc 90 -num_threads 1 -num_descriptions 1 -num_alignments 1 -seg no > MARD_SAMEA2272692_REFG_MMP2272692\.prokka\.d\/MARD_SAMEA2272692_REFG_MMP2272692\.IS\.tmp\.3458936\.blast 2> /dev/null
[19:08:51] Deleting unwanted file: MARD_SAMEA2272692_REFG_MMP2272692.prokka.d/MARD_SAMEA2272692_REFG_MMP2272692.IS.tmp.3458936.faa
[19:08:51] Deleting unwanted file: MARD_SAMEA2272692_REFG_MMP2272692.prokka.d/MARD_SAMEA2272692_REFG_MMP2272692.IS.tmp.3458936.blast
[19:08:51] There are still 2217 unannotated CDS left (started with 2218)
[19:08:51] Will use blast to search against /home/dl/miniconda3/envs/prokka/db/kingdom/Bacteria/AMR with 24 CPUs
[19:08:51] Running: cat MARD_SAMEA2272692_REFG_MMP2272692\.prokka\.d\/MARD_SAMEA2272692_REFG_MMP2272692\.AMR\.tmp\.3458936\.faa | parallel --gnu --plain -j 24 --block 12971 --recstart '>' --pipe blastp -query - -db /home/dl/miniconda3/envs/prokka/db/kingdom/Bacteria/AMR -evalue 9.99999999999999e-301 -qcov_hsp_perc 90 -num_threads 1 -num_descriptions 1 -num_alignments 1 -seg no > MARD_SAMEA2272692_REFG_MMP2272692\.prokka\.d\/MARD_SAMEA2272692_REFG_MMP2272692\.AMR\.tmp\.3458936\.blast 2> /dev/null
[19:08:55] Deleting unwanted file: MARD_SAMEA2272692_REFG_MMP2272692.prokka.d/MARD_SAMEA2272692_REFG_MMP2272692.AMR.tmp.3458936.faa
[19:08:55] Deleting unwanted file: MARD_SAMEA2272692_REFG_MMP2272692.prokka.d/MARD_SAMEA2272692_REFG_MMP2272692.AMR.tmp.3458936.blast
[19:08:56] There are still 2217 unannotated CDS left (started with 2218)
[19:08:56] Will use blast to search against /home/dl/miniconda3/envs/prokka/db/kingdom/Bacteria/sprot with 24 CPUs
[19:08:56] Running: cat MARD_SAMEA2272692_REFG_MMP2272692\.prokka\.d\/MARD_SAMEA2272692_REFG_MMP2272692\.sprot\.tmp\.3458936\.faa | parallel --gnu --plain -j 24 --block 12971 --recstart '>' --pipe blastp -query - -db /home/dl/miniconda3/envs/prokka/db/kingdom/Bacteria/sprot -evalue 1e-09 -qcov_hsp_perc 80 -num_threads 1 -num_descriptions 1 -num_alignments 1 -seg no > MARD_SAMEA2272692_REFG_MMP2272692\.prokka\.d\/MARD_SAMEA2272692_REFG_MMP2272692\.sprot\.tmp\.3458936\.blast 2> /dev/null
[19:09:06] Modify product: Monocarboxylate 2-oxoacid-binding periplasmic protein all3028 => Monocarboxylate 2-oxoacid-binding periplasmic protein
[19:09:06] Modify product: Uncharacterized RNA pseudouridine synthase Rv1711 => putative RNA pseudouridine synthase
[19:09:06] Modify product: Uncharacterized sugar epimerase YhfK => putative sugar epimerase YhfK
[19:09:06] Modify product: UPF0182 protein MSMEG_1959/MSMEI_1915 => hypothetical protein
[19:09:06] Modify product: UPF0176 protein lpg2838 => hypothetical protein
[19:09:06] Modify product: Carbon dioxide-concentrating mechanism protein CcmK homolog 4 => Carbon dioxide-concentrating mechanism protein CcmK 
[19:09:06] Modify product: Probable helicase HelY => putative helicase HelY
[19:09:06] Modify product: Uncharacterized protein Rv0502 => putative protein
[19:09:06] Modify product: Uncharacterized oxidoreductase SA2266 => putative oxidoreductase
[19:09:06] Modify product: Uncharacterized ABC transporter ATP-binding protein TM_0288 => putative ABC transporter ATP-binding protein
[19:09:06] Modify product: UPF0053 inner membrane protein YfjD => hypothetical protein
[19:09:06] Modify product: Putative transport protein Rv0205 => Putative transport protein
[19:09:06] Modify product: Uncharacterized methyltransferase Rv3342 => putative methyltransferase
[19:09:06] Modify product: Probable peptidoglycan glycosyltransferase FtsW => putative peptidoglycan glycosyltransferase FtsW
[19:09:06] Modify product: Uncharacterized protein slr1565 => putative protein
[19:09:06] Modify product: Uncharacterized ABC transporter ATP-binding protein YxlF => putative ABC transporter ATP-binding protein YxlF
[19:09:06] Modify product: Uncharacterized protein Rv2715 => putative protein
[19:09:06] Modify product: Uncharacterized zinc protease Rv2782c => putative zinc protease
[19:09:06] Modify product: Uncharacterized protein Rv2067c => putative protein
[19:09:06] Modify product: Probable glutaredoxin ssr2061 => putative glutaredoxin
[19:09:07] Modify product: Uncharacterized protein YciH => putative protein YciH
[19:09:07] Modify product: N-glycosidase Npun_R5314 => N-glycosidase
[19:09:07] Modify product: Uncharacterized oxidoreductase Rv2298 => putative oxidoreductase
[19:09:07] Modify product: Protease HtpX homolog => Protease HtpX 
[19:09:07] Modify product: Probable ATP-dependent transporter SufC => putative ATP-dependent transporter SufC
[19:09:07] Modify product: Probable cysteine desulfurase => putative cysteine desulfurase
[19:09:07] Modify product: Probable cysteine desulfurase => putative cysteine desulfurase
[19:09:07] Modify product: Uncharacterized protein Rv2307c => putative protein
[19:09:07] Modify product: Uncharacterized PIN and TRAM-domain containing protein YacL => putative PIN and TRAM-domain containing protein YacL
[19:09:07] Modify product: Probable adenylyltransferase/sulfurtransferase MoeZ => putative adenylyltransferase/sulfurtransferase MoeZ
[19:09:07] Modify product: Uncharacterized zinc protease Rv2782c => putative zinc protease
[19:09:07] Modify product: Probable ketoamine kinase HMPREF0351_12196 => putative ketoamine kinase
[19:09:07] Modify product: Glycogen operon protein GlgX homolog => Glycogen operon protein GlgX 
[19:09:07] Modify product: Probable 2-phosphosulfolactate phosphatase => putative 2-phosphosulfolactate phosphatase
[19:09:07] Modify product: Probable ABC transporter-binding protein DR_1571 => putative ABC transporter-binding protein
[19:09:07] Modify product: UPF0382 membrane protein YwdK => hypothetical protein
[19:09:07] Modify product: Uncharacterized ABC transporter ATP-binding protein TM_0288 => putative ABC transporter ATP-binding protein
[19:09:07] Modify product: Probable multidrug resistance ABC transporter ATP-binding/permease protein YheI => putative multidrug resistance ABC transporter ATP-binding/permease protein YheI
[19:09:07] Modify product: Carbon dioxide-concentrating mechanism protein CcmK homolog 2 => Carbon dioxide-concentrating mechanism protein CcmK 
[19:09:07] Modify product: Carbon dioxide-concentrating mechanism protein CcmK homolog 1 => Carbon dioxide-concentrating mechanism protein CcmK 
[19:09:07] Modify product: GTP-binding protein TypA/BipA homolog => GTP-binding protein TypA/BipA 
[19:09:07] Modify product: Peptidoglycan-N-acetylglucosamine deacetylase BC_3618 => Peptidoglycan-N-acetylglucosamine deacetylase
[19:09:07] Modify product: Uncharacterized zinc protease Rv2782c => putative zinc protease
[19:09:07] Modify product: Uncharacterized protein Rv2004c => putative protein
[19:09:07] Modify product: Probable iron export permease protein FetB => putative iron export permease protein FetB
[19:09:07] Modify product: Probable nicotinate-nucleotide pyrophosphorylase [carboxylating] => putative nicotinate-nucleotide pyrophosphorylase [carboxylating]
[19:09:07] Modify product: Uncharacterized oxidoreductase MSMEG_1603/MSMEI_1564 => putative oxidoreductase/MSMEI_1564
[19:09:07] Modify product: Probable cytochrome c oxidase subunit 1 => putative cytochrome c oxidase subunit 1
[19:09:07] Modify product: Rqc2 homolog RqcH => Rqc2 RqcH
[19:09:07] Modify product: UPF0234 protein Rv0566c => hypothetical protein
[19:09:07] Modify product: Probable diguanylate cyclase DgcE => putative diguanylate cyclase DgcE
[19:09:07] Modify product: Peroxiredoxin sll1621 => Peroxiredoxin
[19:09:07] Modify product: Uncharacterized protein alr4550 => putative protein
[19:09:07] Modify product: NADH dehydrogenase-like protein SAOUHSC_00878 => NADH dehydrogenase-like protein
[19:09:07] Modify product: Probable phycoerythrobilin lyase CpeT => putative phycoerythrobilin lyase CpeT
[19:09:07] Modify product: Uncharacterized phycocyanin operon protein Z => putative phycocyanin operon protein Z
[19:09:07] Modify product: Uncharacterized ABC transporter ATP-binding protein YknY => putative ABC transporter ATP-binding protein YknY
[19:09:07] Modify product: Bifunctional protein FolD => Bifunctional protein FolD protein
[19:09:07] Modify product: UPF0047 protein Rv2556c => hypothetical protein
[19:09:07] Modify product: Uncharacterized symporter YjmB => putative symporter YjmB
[19:09:07] Modify product: Probable protein kinase UbiB => putative protein kinase UbiB
[19:09:07] Modify product: GTP cyclohydrolase 1 type 2 homolog => GTP cyclohydrolase 1 type 2 
[19:09:07] Modify product: 1,4-alpha-glucan branching enzyme TTHA1902 => 1,4-alpha-glucan branching enzyme
[19:09:07] Modify product: Uncharacterized ABC transporter ATP-binding protein YheS => putative ABC transporter ATP-binding protein YheS
[19:09:07] Modify product: Probable transcriptional regulatory protein aq_1575 => putative transcriptional regulatory protein
[19:09:07] Modify product: Epimerase family protein Rv2216 => Epimerase family protein
[19:09:07] Modify product: Epimerase family protein SA0724 => Epimerase family protein
[19:09:07] Modify product: UPF0053 protein Rv2366c => hypothetical protein
[19:09:07] Modify product: Probable undecaprenyl-phosphate N-acetylglucosaminyl 1-phosphate transferase => putative undecaprenyl-phosphate N-acetylglucosaminyl 1-phosphate transferase
[19:09:07] Modify product: Probable ribonucleotide transport ATP-binding protein mkl => putative ribonucleotide transport ATP-binding protein mkl
[19:09:07] Modify product: Uncharacterized MFS-type transporter YfcJ => putative MFS-type transporter YfcJ
[19:09:07] Modify product: Probable ferredoxin/ferredoxin--NADP reductase => putative ferredoxin/ferredoxin--NADP reductase
[19:09:07] Modify product: Sulfurtransferase Alvin_2599 => Sulfurtransferase
[19:09:07] Modify product: Vitamin K epoxide reductase homolog => Vitamin K epoxide reductase 
[19:09:07] Modify product: Uncharacterized protein RP812 => putative protein RP812
[19:09:07] Modify product: Probable dual-specificity RNA methyltransferase RlmN => putative dual-specificity RNA methyltransferase RlmN
[19:09:07] Modify product: Probable dual-specificity RNA methyltransferase RlmN => putative dual-specificity RNA methyltransferase RlmN
[19:09:07] Modify product: Putative low molecular weight protein-tyrosine-phosphatase slr0328 => Putative low molecular weight protein-tyrosine-phosphatase
[19:09:07] Modify product: Uncharacterized protein alr4550 => putative protein
[19:09:07] Modify product: Phage shock protein A homolog => Phage shock protein A 
[19:09:07] Modify product: Phage shock protein A homolog => Phage shock protein A 
[19:09:07] Modify product: Uncharacterized protein Rv1829 => putative protein
[19:09:07] Cleaned 82 /product names
[19:09:07] Deleting unwanted file: MARD_SAMEA2272692_REFG_MMP2272692.prokka.d/MARD_SAMEA2272692_REFG_MMP2272692.sprot.tmp.3458936.faa
[19:09:07] Deleting unwanted file: MARD_SAMEA2272692_REFG_MMP2272692.prokka.d/MARD_SAMEA2272692_REFG_MMP2272692.sprot.tmp.3458936.blast
[19:09:07] There are still 1225 unannotated CDS left (started with 2218)
[19:09:07] Will use hmmer3 to search against /home/dl/miniconda3/envs/prokka/db/hmm/HAMAP.hmm with 24 CPUs
[19:09:07] Running: cat MARD_SAMEA2272692_REFG_MMP2272692\.prokka\.d\/MARD_SAMEA2272692_REFG_MMP2272692\.HAMAP\.hmm\.tmp\.3458936\.faa | parallel --gnu --plain -j 24 --block 5949 --recstart '>' --pipe hmmscan --noali --notextw --acc -E 1e-09 --cpu 1 /home/dl/miniconda3/envs/prokka/db/hmm/HAMAP.hmm /dev/stdin > MARD_SAMEA2272692_REFG_MMP2272692\.prokka\.d\/MARD_SAMEA2272692_REFG_MMP2272692\.HAMAP\.hmm\.tmp\.3458936\.hmmer3 2> /dev/null
[19:09:17] Deleting unwanted file: MARD_SAMEA2272692_REFG_MMP2272692.prokka.d/MARD_SAMEA2272692_REFG_MMP2272692.HAMAP.hmm.tmp.3458936.faa
[19:09:17] Deleting unwanted file: MARD_SAMEA2272692_REFG_MMP2272692.prokka.d/MARD_SAMEA2272692_REFG_MMP2272692.HAMAP.hmm.tmp.3458936.hmmer3
[19:09:17] Labelling remaining 1039 proteins as 'hypothetical protein'
[19:09:17] Possible /pseudo 'putative cysteine desulfurase' at gnl|X|KEGMDMCK_3 position 93738
[19:09:17] Possible /pseudo 'Heme chaperone HemW' at gnl|X|KEGMDMCK_4 position 26750
[19:09:17] Possible /pseudo 'ATP-dependent Clp protease proteolytic subunit' at gnl|X|KEGMDMCK_11 position 28261
[19:09:17] Possible /pseudo 'Carbon dioxide-concentrating mechanism protein CcmK ' at gnl|X|KEGMDMCK_15 position 5934
[19:09:17] Possible /pseudo 'GTPase Der' at gnl|X|KEGMDMCK_23 position 1289
[19:09:17] Possible /pseudo 'D-ribulose kinase' at gnl|X|KEGMDMCK_39 position 61566
[19:09:17] Possible /pseudo 'L-2-hydroxyglutarate dehydrogenase' at gnl|X|KEGMDMCK_42 position 1904
[19:09:17] Possible /pseudo 'ATP-dependent zinc metalloprotease FtsH 2' at gnl|X|KEGMDMCK_44 position 18200
[19:09:17] Possible /pseudo 'D-inositol-3-phosphate glycosyltransferase' at gnl|X|KEGMDMCK_46 position 1962
[19:09:17] Possible /pseudo 'DNA-directed RNA polymerase subunit beta'' at gnl|X|KEGMDMCK_47 position 27239
[19:09:17] Possible /pseudo 'Phosphoribosylformylglycinamidine cyclo-ligase' at gnl|X|KEGMDMCK_47 position 124576
[19:09:17] Possible /pseudo 'Valine--tRNA ligase' at gnl|X|KEGMDMCK_47 position 177979
[19:09:17] Possible /pseudo 'Alginate biosynthesis protein AlgA' at gnl|X|KEGMDMCK_47 position 240539
[19:09:17] Possible /pseudo 'Glutamine--fructose-6-phosphate aminotransferase [isomerizing]' at gnl|X|KEGMDMCK_47 position 362447
[19:09:17] Possible /pseudo 'Chaperone protein DnaJ' at gnl|X|KEGMDMCK_52 position 16583
[19:09:17] Possible /pseudo 'Apocarotenoid-15,15'-oxygenase' at gnl|X|KEGMDMCK_55 position 14800
[19:09:17] Possible /pseudo 'ATP-dependent zinc metalloprotease FtsH 3' at gnl|X|KEGMDMCK_58 position 20659
[19:09:17] Possible /pseudo 'Isoaspartyl peptidase/L-asparaginase' at gnl|X|KEGMDMCK_60 position 42563
[19:09:17] Possible /pseudo 'Pyridinium-3,5-bisthiocarboxylic acid mononucleotide nickel insertion protein' at gnl|X|KEGMDMCK_62 position 15527
[19:09:17] Possible /pseudo 'Cobyric acid synthase' at gnl|X|KEGMDMCK_62 position 20449
[19:09:17] Possible /pseudo 'D-inositol-3-phosphate glycosyltransferase' at gnl|X|KEGMDMCK_62 position 25202
[19:09:17] Possible /pseudo 'Phage shock protein A ' at gnl|X|KEGMDMCK_64 position 275909
[19:09:17] Possible /pseudo 'Bicarbonate transporter BicA' at gnl|X|KEGMDMCK_66 position 3538
[19:09:17] Possible /pseudo 'Bicarbonate transporter BicA' at gnl|X|KEGMDMCK_66 position 4004
[19:09:17] Possible /pseudo '8-amino-7-oxononanoate synthase' at gnl|X|KEGMDMCK_76 position 4131
[19:09:17] Possible /pseudo 'Epimerase family protein' at gnl|X|KEGMDMCK_82 position 6081
[19:09:17] Possible /pseudo 'NAD(P) transhydrogenase subunit alpha' at gnl|X|KEGMDMCK_86 position 86167
[19:09:17] Possible /pseudo '4-hydroxythreonine-4-phosphate dehydrogenase' at gnl|X|KEGMDMCK_86 position 96781
[19:09:17] Possible /pseudo 'putative dual-specificity RNA methyltransferase RlmN' at gnl|X|KEGMDMCK_86 position 98137
[19:09:17] Possible /pseudo 'Delta(12)-fatty-acid desaturase' at gnl|X|KEGMDMCK_86 position 100958
[19:09:17] Found 930 unique /gene codes.
[19:09:17] Fixed 2 duplicate /gene - mdtA_1 mdtA_2
[19:09:17] Fixed 2 duplicate /gene - COQ5_1 COQ5_2
[19:09:17] Fixed 2 duplicate /gene - clpB1_1 clpB1_2
[19:09:17] Fixed 3 duplicate /gene - menH_1 menH_2 menH_3
[19:09:17] Fixed 2 duplicate /gene - ftsH_1 ftsH_2
[19:09:17] Fixed 2 duplicate /gene - ftsH3_1 ftsH3_2
[19:09:17] Fixed 2 duplicate /gene - rnr_1 rnr_2
[19:09:17] Fixed 2 duplicate /gene - pds_1 pds_2
[19:09:17] Fixed 2 duplicate /gene - pepP_1 pepP_2
[19:09:17] Fixed 2 duplicate /gene - mntB_1 mntB_2
[19:09:17] Fixed 2 duplicate /gene - PSK_1 PSK_2
[19:09:17] Fixed 2 duplicate /gene - egtB_1 egtB_2
[19:09:17] Fixed 2 duplicate /gene - proA_1 proA_2
[19:09:17] Fixed 2 duplicate /gene - rpsU1_1 rpsU1_2
[19:09:17] Fixed 2 duplicate /gene - lhgD_1 lhgD_2
[19:09:17] Fixed 2 duplicate /gene - gyrA_1 gyrA_2
[19:09:17] Fixed 2 duplicate /gene - dfa5_1 dfa5_2
[19:09:17] Fixed 2 duplicate /gene - fbiC_1 fbiC_2
[19:09:17] Fixed 2 duplicate /gene - pipB2_1 pipB2_2
[19:09:17] Fixed 2 duplicate /gene - pntA_1 pntA_2
[19:09:17] Fixed 2 duplicate /gene - auaH_1 auaH_2
[19:09:17] Fixed 2 duplicate /gene - hemW_1 hemW_2
[19:09:17] Fixed 3 duplicate /gene - htpX_1 htpX_2 htpX_3
[19:09:17] Fixed 8 duplicate /gene - sasA_1 sasA_2 sasA_3 sasA_4 sasA_5 sasA_6 sasA_7 sasA_8
[19:09:17] Fixed 2 duplicate /gene - malQ_1 malQ_2
[19:09:17] Fixed 2 duplicate /gene - dnaE_1 dnaE_2
[19:09:17] Fixed 2 duplicate /gene - acpP_1 acpP_2
[19:09:17] Fixed 3 duplicate /gene - era_1 era_2 era_3
[19:09:17] Fixed 3 duplicate /gene - der_1 der_2 der_3
[19:09:17] Fixed 4 duplicate /gene - clpP_1 clpP_2 clpP_3 clpP_4
[19:09:17] Fixed 2 duplicate /gene - atpG_1 atpG_2
[19:09:17] Fixed 2 duplicate /gene - algA_1 algA_2
[19:09:17] Fixed 3 duplicate /gene - cpdA_1 cpdA_2 cpdA_3
[19:09:17] Fixed 2 duplicate /gene - rnc_1 rnc_2
[19:09:17] Fixed 2 duplicate /gene - sigA2_1 sigA2_2
[19:09:17] Fixed 5 duplicate /gene - rcsC_1 rcsC_2 rcsC_3 rcsC_4 rcsC_5
[19:09:17] Fixed 2 duplicate /gene - phoP_1 phoP_2
[19:09:17] Fixed 9 duplicate /gene - mshA_1 mshA_2 mshA_3 mshA_4 mshA_5 mshA_6 mshA_7 mshA_8 mshA_9
[19:09:17] Fixed 2 duplicate /gene - pyrC_1 pyrC_2
[19:09:17] Fixed 2 duplicate /gene - gcvT_1 gcvT_2
[19:09:17] Fixed 2 duplicate /gene - btuD_1 btuD_2
[19:09:17] Fixed 2 duplicate /gene - vraR_1 vraR_2
[19:09:17] Fixed 2 duplicate /gene - trxB_1 trxB_2
[19:09:17] Fixed 2 duplicate /gene - gshA_1 gshA_2
[19:09:17] Fixed 2 duplicate /gene - ndhB_1 ndhB_2
[19:09:17] Fixed 2 duplicate /gene - pdxA_1 pdxA_2
[19:09:17] Fixed 2 duplicate /gene - pbsA1_1 pbsA1_2
[19:09:17] Fixed 3 duplicate /gene - gph_1 gph_2 gph_3
[19:09:17] Fixed 3 duplicate /gene - bicA_1 bicA_2 bicA_3
[19:09:17] Fixed 2 duplicate /gene - rssB_1 rssB_2
[19:09:17] Fixed 2 duplicate /gene - menA_1 menA_2
[19:09:17] Fixed 2 duplicate /gene - ctaE_1 ctaE_2
[19:09:17] Fixed 2 duplicate /gene - tadA_1 tadA_2
[19:09:17] Fixed 2 duplicate /gene - bcp_1 bcp_2
[19:09:17] Fixed 2 duplicate /gene - ycf3_1 ycf3_2
[19:09:17] Fixed 2 duplicate /gene - hemH_1 hemH_2
[19:09:17] Fixed 2 duplicate /gene - csd_1 csd_2
[19:09:17] Fixed 2 duplicate /gene - fusA_1 fusA_2
[19:09:17] Fixed 2 duplicate /gene - cobN_1 cobN_2
[19:09:17] Fixed 2 duplicate /gene - walR_1 walR_2
[19:09:17] Fixed 2 duplicate /gene - speA_1 speA_2
[19:09:17] Fixed 2 duplicate /gene - dnaA_1 dnaA_2
[19:09:17] Fixed 2 duplicate /gene - cobD_1 cobD_2
[19:09:17] Fixed 2 duplicate /gene - suhB_1 suhB_2
[19:09:17] Fixed 2 duplicate /gene - ctaD_1 ctaD_2
[19:09:17] Fixed 2 duplicate /gene - sppA_1 sppA_2
[19:09:17] Fixed 3 duplicate /gene - ftsH2_1 ftsH2_2 ftsH2_3
[19:09:17] Fixed 2 duplicate /gene - lepB_1 lepB_2
[19:09:17] Fixed 4 duplicate /gene - ndhD1_1 ndhD1_2 ndhD1_3 ndhD1_4
[19:09:17] Fixed 2 duplicate /gene - clpS_1 clpS_2
[19:09:17] Fixed 2 duplicate /gene - iscS_1 iscS_2
[19:09:17] Fixed 2 duplicate /gene - tldD_1 tldD_2
[19:09:17] Fixed 2 duplicate /gene - purM_1 purM_2
[19:09:17] Fixed 2 duplicate /gene - tagU_1 tagU_2
[19:09:17] Fixed 2 duplicate /gene - cpcS_1 cpcS_2
[19:09:17] Fixed 3 duplicate /gene - dapL_1 dapL_2 dapL_3
[19:09:17] Fixed 2 duplicate /gene - nifD_1 nifD_2
[19:09:17] Fixed 2 duplicate /gene - dnaK_1 dnaK_2
[19:09:17] Fixed 3 duplicate /gene - dfa3_1 dfa3_2 dfa3_3
[19:09:17] Fixed 3 duplicate /gene - ubiB_1 ubiB_2 ubiB_3
[19:09:17] Fixed 4 duplicate /gene - bioF_1 bioF_2 bioF_3 bioF_4
[19:09:17] Fixed 7 duplicate /gene - dnaJ_1 dnaJ_2 dnaJ_3 dnaJ_4 dnaJ_5 dnaJ_6 dnaJ_7
[19:09:17] Fixed 2 duplicate /gene - cugP_1 cugP_2
[19:09:17] Fixed 2 duplicate /gene - cobQ_1 cobQ_2
[19:09:17] Fixed 3 duplicate /gene - cpoB_1 cpoB_2 cpoB_3
[19:09:17] Fixed 2 duplicate /gene - kefB_1 kefB_2
[19:09:17] Fixed 4 duplicate /gene - smc_1 smc_2 smc_3 smc_4
[19:09:17] Fixed 2 duplicate /gene - rlmN_1 rlmN_2
[19:09:17] Fixed 2 duplicate /gene - valS_1 valS_2
[19:09:17] Fixed 5 duplicate /gene - pknD_1 pknD_2 pknD_3 pknD_4 pknD_5
[19:09:17] Fixed 2 duplicate /gene - cmpR_1 cmpR_2
[19:09:17] Fixed 2 duplicate /gene - nasF_1 nasF_2
[19:09:17] Fixed 2 duplicate /gene - desA_1 desA_2
[19:09:17] Fixed 2 duplicate /gene - apcD_1 apcD_2
[19:09:17] Fixed 2 duplicate /gene - pcyA_1 pcyA_2
[19:09:17] Fixed 2 duplicate /gene - nifH_1 nifH_2
[19:09:17] Fixed 2 duplicate /gene - glmS_1 glmS_2
[19:09:17] Fixed 2 duplicate /gene - macB_1 macB_2
[19:09:17] Fixed 2 duplicate /gene - clpC_1 clpC_2
[19:09:17] Fixed 2 duplicate /gene - priA_1 priA_2
[19:09:17] Fixed 2 duplicate /gene - ecfA2_1 ecfA2_2
[19:09:17] Fixed 2 duplicate /gene - nifK_1 nifK_2
[19:09:17] Fixed 2 duplicate /gene - trpB_1 trpB_2
[19:09:17] Fixed 2 duplicate /gene - lpxD_1 lpxD_2
[19:09:17] Fixed 2 duplicate /gene - larC_1 larC_2
[19:09:17] Fixed 2 duplicate /gene - recJ_1 recJ_2
[19:09:17] Fixed 2 duplicate /gene - tal_1 tal_2
[19:09:17] Fixed 107 colliding /gene names.
[19:09:17] Adding /locus_tag identifiers
[19:09:17] Assigned 2260 locus_tags to CDS and RNA features.
[19:09:17] Writing outputs to MARD_SAMEA2272692_REFG_MMP2272692.prokka.d/
[19:09:18] Generating annotation statistics file
[19:09:18] Generating Genbank and Sequin files
[19:09:18] Running: tbl2asn -V b -a r10k -l paired-ends -M n -N 1 -y 'Annotated using prokka 1.14.6 from https://github.com/tseemann/prokka' -Z MARD_SAMEA2272692_REFG_MMP2272692\.prokka\.d\/MARD_SAMEA2272692_REFG_MMP2272692\.err -i MARD_SAMEA2272692_REFG_MMP2272692\.prokka\.d\/MARD_SAMEA2272692_REFG_MMP2272692\.fsa 2> /dev/null
[tbl2asn-forever] Found Prokka input, correcting dates in .gbf|.sqn files.
[tbl2asn-forever] Correcting dates in MARD_SAMEA2272692_REFG_MMP2272692.prokka.d/MARD_SAMEA2272692_REFG_MMP2272692.gbf
[tbl2asn-forever] Correcting dates in MARD_SAMEA2272692_REFG_MMP2272692.prokka.d/MARD_SAMEA2272692_REFG_MMP2272692.sqn
[tbl2asn-forever] Dates changed from 01-JAN-2019 to 24-JAN-2022
[19:09:21] Deleting unwanted file: MARD_SAMEA2272692_REFG_MMP2272692.prokka.d/errorsummary.val
[19:09:21] Deleting unwanted file: MARD_SAMEA2272692_REFG_MMP2272692.prokka.d/MARD_SAMEA2272692_REFG_MMP2272692.dr
[19:09:21] Deleting unwanted file: MARD_SAMEA2272692_REFG_MMP2272692.prokka.d/MARD_SAMEA2272692_REFG_MMP2272692.fixedproducts
[19:09:21] Deleting unwanted file: MARD_SAMEA2272692_REFG_MMP2272692.prokka.d/MARD_SAMEA2272692_REFG_MMP2272692.ecn
[19:09:21] Deleting unwanted file: MARD_SAMEA2272692_REFG_MMP2272692.prokka.d/MARD_SAMEA2272692_REFG_MMP2272692.val
[19:09:21] Repairing broken .GBK output that tbl2asn produces...
[19:09:21] Running: sed 's/COORDINATES: profile/COORDINATES:profile/' < MARD_SAMEA2272692_REFG_MMP2272692\.prokka\.d\/MARD_SAMEA2272692_REFG_MMP2272692\.gbf > MARD_SAMEA2272692_REFG_MMP2272692\.prokka\.d\/MARD_SAMEA2272692_REFG_MMP2272692\.gbk
[19:09:21] Deleting unwanted file: MARD_SAMEA2272692_REFG_MMP2272692.prokka.d/MARD_SAMEA2272692_REFG_MMP2272692.gbf
[19:09:21] Output files:
[19:09:21] MARD_SAMEA2272692_REFG_MMP2272692.prokka.d/MARD_SAMEA2272692_REFG_MMP2272692.err
[19:09:21] MARD_SAMEA2272692_REFG_MMP2272692.prokka.d/MARD_SAMEA2272692_REFG_MMP2272692.tsv
[19:09:21] MARD_SAMEA2272692_REFG_MMP2272692.prokka.d/MARD_SAMEA2272692_REFG_MMP2272692.ffn
[19:09:21] MARD_SAMEA2272692_REFG_MMP2272692.prokka.d/MARD_SAMEA2272692_REFG_MMP2272692.fna
[19:09:21] MARD_SAMEA2272692_REFG_MMP2272692.prokka.d/MARD_SAMEA2272692_REFG_MMP2272692.gff
[19:09:21] MARD_SAMEA2272692_REFG_MMP2272692.prokka.d/MARD_SAMEA2272692_REFG_MMP2272692.txt
[19:09:21] MARD_SAMEA2272692_REFG_MMP2272692.prokka.d/MARD_SAMEA2272692_REFG_MMP2272692.faa
[19:09:21] MARD_SAMEA2272692_REFG_MMP2272692.prokka.d/MARD_SAMEA2272692_REFG_MMP2272692.sqn
[19:09:21] MARD_SAMEA2272692_REFG_MMP2272692.prokka.d/MARD_SAMEA2272692_REFG_MMP2272692.log
[19:09:21] MARD_SAMEA2272692_REFG_MMP2272692.prokka.d/MARD_SAMEA2272692_REFG_MMP2272692.fsa
[19:09:21] MARD_SAMEA2272692_REFG_MMP2272692.prokka.d/MARD_SAMEA2272692_REFG_MMP2272692.tbl
[19:09:21] MARD_SAMEA2272692_REFG_MMP2272692.prokka.d/MARD_SAMEA2272692_REFG_MMP2272692.gbk
[19:09:21] Annotation finished successfully.
[19:09:21] Walltime used: 0.68 minutes
[19:09:21] If you use this result please cite the Prokka paper:
[19:09:21] Seemann T (2014) Prokka: rapid prokaryotic genome annotation. Bioinformatics. 30(14):2068-9.
[19:09:21] Type 'prokka --citation' for more details.
[19:09:21] Share and enjoy!
