[19:10:03] This is prokka 1.14.6
[19:10:03] Written by Torsten Seemann <torsten.seemann@gmail.com>
[19:10:03] Homepage is https://github.com/tseemann/prokka
[19:10:03] Local time is Mon Jan 24 19:10:03 2022
[19:10:03] You are dl
[19:10:03] Operating system is linux
[19:10:03] You have BioPerl 1.007002
[19:10:03] System has 24 cores.
[19:10:03] Will use maximum of 24 cores.
[19:10:03] Annotating as >>> Bacteria <<<
[19:10:03] Generating locus_tag from 'TARA_PON_109_MAG_00086.fna' contents.
[19:10:03] Setting --locustag GPGPLJFG from MD5 090953f0426274694f5b8df545c0082d
[19:10:03] Enabling options to ensure Genbank/ENA/DDJB submission compliance.
[19:10:03] Creating new output folder: TARA_PON_109_MAG_00086.prokka.d
[19:10:03] Running: mkdir -p TARA_PON_109_MAG_00086\.prokka\.d
[19:10:03] Using filename prefix: TARA_PON_109_MAG_00086.XXX
[19:10:03] Setting HMMER_NCPU=1
[19:10:03] Writing log to: TARA_PON_109_MAG_00086.prokka.d/TARA_PON_109_MAG_00086.log
[19:10:03] Command: /home/dl/miniconda3/envs/prokka/bin/prokka --outdir=TARA_PON_109_MAG_00086.prokka.d --prefix=TARA_PON_109_MAG_00086 --cpus=0 --centre X --compliant TARA_PON_109_MAG_00086.fna
[19:10:03] Appending to PATH: /home/dl/miniconda3/envs/prokka/bin
[19:10:03] Looking for 'aragorn' - found /home/dl/miniconda3/envs/prokka/bin/aragorn
[19:10:03] Determined aragorn version is 001002 from 'ARAGORN v1.2.38 Dean Laslett'
[19:10:03] Looking for 'barrnap' - found /home/dl/miniconda3/envs/prokka/bin/barrnap
[19:10:03] Determined barrnap version is 000009 from 'barrnap 0.9'
[19:10:03] Looking for 'blastp' - found /home/dl/miniconda3/envs/prokka/bin/blastp
[19:10:04] Determined blastp version is 002012 from 'blastp: 2.12.0+'
[19:10:04] Looking for 'cmpress' - found /home/dl/miniconda3/envs/prokka/bin/cmpress
[19:10:04] Determined cmpress version is 001001 from '# INFERNAL 1.1.4 (Dec 2020)'
[19:10:04] Looking for 'cmscan' - found /home/dl/miniconda3/envs/prokka/bin/cmscan
[19:10:04] Determined cmscan version is 001001 from '# INFERNAL 1.1.4 (Dec 2020)'
[19:10:04] Looking for 'egrep' - found /usr/bin/egrep
[19:10:04] Looking for 'find' - found /usr/bin/find
[19:10:04] Looking for 'grep' - found /usr/bin/grep
[19:10:04] Looking for 'hmmpress' - found /home/dl/miniconda3/envs/prokka/bin/hmmpress
[19:10:04] Determined hmmpress version is 003003 from '# HMMER 3.3.2 (Nov 2020); http://hmmer.org/'
[19:10:04] Looking for 'hmmscan' - found /home/dl/miniconda3/envs/prokka/bin/hmmscan
[19:10:04] Determined hmmscan version is 003003 from '# HMMER 3.3.2 (Nov 2020); http://hmmer.org/'
[19:10:04] Looking for 'java' - found /home/dl/miniconda3/envs/prokka/bin/java
[19:10:04] Looking for 'makeblastdb' - found /home/dl/miniconda3/envs/prokka/bin/makeblastdb
[19:10:05] Determined makeblastdb version is 002012 from 'makeblastdb: 2.12.0+'
[19:10:05] Looking for 'minced' - found /home/dl/miniconda3/envs/prokka/bin/minced
[19:10:05] Determined minced version is 004002 from 'minced 0.4.2'
[19:10:05] Looking for 'parallel' - found /home/dl/miniconda3/envs/prokka/bin/parallel
[19:10:05] Determined parallel version is 20211222 from 'GNU parallel 20211222'
[19:10:05] Looking for 'prodigal' - found /home/dl/miniconda3/envs/prokka/bin/prodigal
[19:10:05] Determined prodigal version is 002006 from 'Prodigal V2.6.3: February, 2016'
[19:10:05] Looking for 'prokka-genbank_to_fasta_db' - found /home/dl/miniconda3/envs/prokka/bin/prokka-genbank_to_fasta_db
[19:10:05] Looking for 'sed' - found /usr/bin/sed
[19:10:05] Looking for 'tbl2asn' - found /home/dl/miniconda3/envs/prokka/bin/tbl2asn
[19:10:05] Determined tbl2asn version is 025007 from 'tbl2asn 25.7   arguments:'
[19:10:05] Using genetic code table 11.
[19:10:05] Loading and checking input file: TARA_PON_109_MAG_00086.fna
[19:10:05] Wrote 322 contigs totalling 3098804 bp.
[19:10:05] Predicting tRNAs and tmRNAs
[19:10:05] Running: aragorn -l -gc11  -w TARA_PON_109_MAG_00086\.prokka\.d\/TARA_PON_109_MAG_00086\.fna
[19:10:05] 1 tRNA-Ala c[1941,2015] 35 (ggc)
[19:10:05] 1 tRNA-Gly [16601,16673] 33 (gcc)
[19:10:05] 1 tRNA-Arg c[15796,15871] 36 (tct)
[19:10:05] 1 tRNA-Cys [1027,1100] 34 (gca)
[19:10:05] 1 tRNA-Leu c[12273,12353] 35 (gag)
[19:10:05] 1 tRNA-Pro [5014,5087] 35 (ggg)
[19:10:05] 1 tRNA-Ser c[3087,3178] 35 (gct)
[19:10:05] 2 tRNA-Trp [14403,14476] 34 (cca)
[19:10:05] 1 tRNA-Arg [1645,1720] 36 (cct)
[19:10:05] 1 tRNA-Leu c[6185,6270] 36 (caa)
[19:10:05] 2 tRNA-Leu [8938,9021] 35 (cag)
[19:10:05] 1 tmRNA c[3800,4194] 102,152 ANNIVSFARKPVAAIA*
[19:10:05] 1 tRNA-Ser c[8535,8621] 36 (tga)
[19:10:05] 1 tRNA-His [16004,16078] 34 (gtg)
[19:10:05] 1 tRNA-Lys c[2778,2851] 34 (ttt)
[19:10:05] 1 tRNA-Arg c[4981,5054] 35 (acg)
[19:10:05] 1 tRNA-Gly [62,134] 33 (gcc)
[19:10:05] 1 tRNA-Asn [5230,5303] 34 (gtt)
[19:10:05] 1 tRNA-Glu [1461,1534] 35 (ttc)
[19:10:05] 1 tRNA-Gly c[31802,31873] 33 (tcc)
[19:10:05] 1 tRNA-Leu c[1786,1867] 35 (tag)
[19:10:05] 1 tRNA-Met c[3232,3306] 35 (cat)
[19:10:05] 1 tRNA-Tyr [8006,8090] 35 (gta)
[19:10:05] 2 tRNA-Thr [8163,8234] 33 (ggt)
[19:10:05] 1 tRNA-Met [4059,4131] 34 (cat)
[19:10:05] 1 tRNA-Pro c[429,502] 35 (tgg)
[19:10:05] 1 tRNA-Pro [254,328] 35 (cgg)
[19:10:05] 1 tRNA-Phe c[696,770] 35 (gaa)
[19:10:05] 1 tRNA-Asp c[6151,6224] 35 (gtc)
[19:10:06] 1 tRNA-Gln [29544,29617] 34 (ttg)
[19:10:06] 2 tRNA-Val [43472,43546] 35 (gac)
[19:10:06] 1 tRNA-Ser [5750,5836] 35 (cga)
[19:10:06] 1 tRNA-Thr c[2235,2306] 33 (tgt)
[19:10:06] 1 tRNA-Arg [12426,12501] 35 (ccg)
[19:10:06] 1 tRNA-Ala [8546,8621] 35 (cgc)
[19:10:06] 1 tRNA-Thr c[31987,32058] 33 (cgt)
[19:10:06] 1 tRNA-Met [1311,1384] 35 (cat)
[19:10:06] Found 37 tRNAs
[19:10:06] Predicting Ribosomal RNAs
[19:10:06] Running Barrnap with 24 threads
[19:10:06] Found 0 rRNAs
[19:10:06] Skipping ncRNA search, enable with --rfam if desired.
[19:10:06] Total of 36 tRNA + rRNA features
[19:10:06] Searching for CRISPR repeats
[19:10:06] Found 0 CRISPRs
[19:10:06] Predicting coding sequences
[19:10:06] Contigs total 3098804 bp, so using single mode
[19:10:06] Running: prodigal -i TARA_PON_109_MAG_00086\.prokka\.d\/TARA_PON_109_MAG_00086\.fna -c -m -g 11 -p single -f sco -q
[19:10:08] Excluding CDS which overlaps existing RNA (tRNA) at gnl|X|GPGPLJFG_77:14446..14649 on + strand
[19:10:08] Excluding CDS which overlaps existing RNA (tRNA) at gnl|X|GPGPLJFG_82:6248..7123 on - strand
[19:10:08] Excluding CDS which overlaps existing RNA (tRNA) at gnl|X|GPGPLJFG_87:8525..8653 on - strand
[19:10:08] Excluding CDS which overlaps existing RNA (tRNA) at gnl|X|GPGPLJFG_88:16001..16261 on + strand
[19:10:08] Excluding CDS which overlaps existing RNA (tRNA) at gnl|X|GPGPLJFG_149:1745..1933 on - strand
[19:10:08] Excluding CDS which overlaps existing RNA (tRNA) at gnl|X|GPGPLJFG_226:12423..12512 on + strand
[19:10:08] Excluding CDS which overlaps existing RNA (tRNA) at gnl|X|GPGPLJFG_290:31992..32384 on + strand
[19:10:08] Found 2244 CDS
[19:10:08] Connecting features back to sequences
[19:10:08] Not using genus-specific database. Try --usegenus to enable it.
[19:10:08] Annotating CDS, please be patient.
[19:10:08] Will use 24 CPUs for similarity searching.
[19:10:09] There are still 2244 unannotated CDS left (started with 2244)
[19:10:09] Will use blast to search against /home/dl/miniconda3/envs/prokka/db/kingdom/Bacteria/IS with 24 CPUs
[19:10:09] Running: cat TARA_PON_109_MAG_00086\.prokka\.d\/TARA_PON_109_MAG_00086\.IS\.tmp\.3464291\.faa | parallel --gnu --plain -j 24 --block 11842 --recstart '>' --pipe blastp -query - -db /home/dl/miniconda3/envs/prokka/db/kingdom/Bacteria/IS -evalue 1e-30 -qcov_hsp_perc 90 -num_threads 1 -num_descriptions 1 -num_alignments 1 -seg no > TARA_PON_109_MAG_00086\.prokka\.d\/TARA_PON_109_MAG_00086\.IS\.tmp\.3464291\.blast 2> /dev/null
[19:10:13] Deleting unwanted file: TARA_PON_109_MAG_00086.prokka.d/TARA_PON_109_MAG_00086.IS.tmp.3464291.faa
[19:10:13] Deleting unwanted file: TARA_PON_109_MAG_00086.prokka.d/TARA_PON_109_MAG_00086.IS.tmp.3464291.blast
[19:10:13] There are still 2243 unannotated CDS left (started with 2244)
[19:10:13] Will use blast to search against /home/dl/miniconda3/envs/prokka/db/kingdom/Bacteria/AMR with 24 CPUs
[19:10:13] Running: cat TARA_PON_109_MAG_00086\.prokka\.d\/TARA_PON_109_MAG_00086\.AMR\.tmp\.3464291\.faa | parallel --gnu --plain -j 24 --block 11840 --recstart '>' --pipe blastp -query - -db /home/dl/miniconda3/envs/prokka/db/kingdom/Bacteria/AMR -evalue 9.99999999999999e-301 -qcov_hsp_perc 90 -num_threads 1 -num_descriptions 1 -num_alignments 1 -seg no > TARA_PON_109_MAG_00086\.prokka\.d\/TARA_PON_109_MAG_00086\.AMR\.tmp\.3464291\.blast 2> /dev/null
[19:10:17] Deleting unwanted file: TARA_PON_109_MAG_00086.prokka.d/TARA_PON_109_MAG_00086.AMR.tmp.3464291.faa
[19:10:17] Deleting unwanted file: TARA_PON_109_MAG_00086.prokka.d/TARA_PON_109_MAG_00086.AMR.tmp.3464291.blast
[19:10:17] There are still 2243 unannotated CDS left (started with 2244)
[19:10:17] Will use blast to search against /home/dl/miniconda3/envs/prokka/db/kingdom/Bacteria/sprot with 24 CPUs
[19:10:17] Running: cat TARA_PON_109_MAG_00086\.prokka\.d\/TARA_PON_109_MAG_00086\.sprot\.tmp\.3464291\.faa | parallel --gnu --plain -j 24 --block 11840 --recstart '>' --pipe blastp -query - -db /home/dl/miniconda3/envs/prokka/db/kingdom/Bacteria/sprot -evalue 1e-09 -qcov_hsp_perc 80 -num_threads 1 -num_descriptions 1 -num_alignments 1 -seg no > TARA_PON_109_MAG_00086\.prokka\.d\/TARA_PON_109_MAG_00086\.sprot\.tmp\.3464291\.blast 2> /dev/null
[19:10:27] Modify product: Uncharacterized protein Rv2307c => putative protein
[19:10:27] Modify product: Uncharacterized PIN and TRAM-domain containing protein YacL => putative PIN and TRAM-domain containing protein YacL
[19:10:27] Modify product: Probable iron export permease protein FetB => putative iron export permease protein FetB
[19:10:27] Modify product: GTP cyclohydrolase 1 type 2 homolog => GTP cyclohydrolase 1 type 2 
[19:10:27] Modify product: Probable protein kinase UbiB => putative protein kinase UbiB
[19:10:27] Modify product: Probable helicase HelY => putative helicase HelY
[19:10:27] Modify product: Uncharacterized RNA pseudouridine synthase Rv1711 => putative RNA pseudouridine synthase
[19:10:27] Modify product: Probable ABC transporter-binding protein DR_1571 => putative ABC transporter-binding protein
[19:10:27] Modify product: Uncharacterized zinc protease Rv2782c => putative zinc protease
[19:10:27] Modify product: Protease HtpX homolog => Protease HtpX 
[19:10:27] Modify product: Rqc2 homolog RqcH => Rqc2 RqcH
[19:10:27] Modify product: Uncharacterized protein alr4550 => putative protein
[19:10:27] Modify product: UPF0182 protein Rv3193c => hypothetical protein
[19:10:27] Modify product: Bifunctional protein FolD => Bifunctional protein FolD protein
[19:10:27] Modify product: Carbon dioxide-concentrating mechanism protein CcmK homolog 4 => Carbon dioxide-concentrating mechanism protein CcmK 
[19:10:27] Modify product: Probable cytosol aminopeptidase => putative cytosol aminopeptidase
[19:10:27] Modify product: Uncharacterized MFS-type transporter YfcJ => putative MFS-type transporter YfcJ
[19:10:27] Modify product: Uncharacterized symporter YjmB => putative symporter YjmB
[19:10:27] Modify product: Uncharacterized protein Rv1829 => putative protein
[19:10:27] Modify product: Phage shock protein A homolog => Phage shock protein A 
[19:10:27] Modify product: Phage shock protein A homolog => Phage shock protein A 
[19:10:27] Modify product: Epimerase family protein SA0724 => Epimerase family protein
[19:10:27] Modify product: Uncharacterized ABC transporter ATP-binding protein YknY => putative ABC transporter ATP-binding protein YknY
[19:10:27] Modify product: Uncharacterized sugar epimerase YhfK => putative sugar epimerase YhfK
[19:10:27] Modify product: UPF0382 membrane protein YwdK => hypothetical protein
[19:10:27] Modify product: N-glycosidase Npun_R5314 => N-glycosidase
[19:10:27] Modify product: Probable dual-specificity RNA methyltransferase RlmN => putative dual-specificity RNA methyltransferase RlmN
[19:10:27] Modify product: Putative transport protein Rv0205 => Putative transport protein
[19:10:27] Modify product: GTP-binding protein TypA/BipA homolog => GTP-binding protein TypA/BipA 
[19:10:27] Modify product: Probable undecaprenyl-phosphate N-acetylglucosaminyl 1-phosphate transferase => putative undecaprenyl-phosphate N-acetylglucosaminyl 1-phosphate transferase
[19:10:27] Modify product: Probable cysteine desulfurase => putative cysteine desulfurase
[19:10:27] Modify product: Probable ATP-dependent transporter SufC => putative ATP-dependent transporter SufC
[19:10:27] Modify product: Monocarboxylate 2-oxoacid-binding periplasmic protein all3028 => Monocarboxylate 2-oxoacid-binding periplasmic protein
[19:10:27] Modify product: Probable fused nickel transport protein LarMN => putative fused nickel transport protein LarMN
[19:10:27] Modify product: Uncharacterized protein slr1565 => putative protein
[19:10:27] Modify product: 1,4-alpha-glucan branching enzyme TTHA1902 => 1,4-alpha-glucan branching enzyme
[19:10:27] Modify product: Putative low molecular weight protein-tyrosine-phosphatase slr0328 => Putative low molecular weight protein-tyrosine-phosphatase
[19:10:27] Modify product: Vitamin K epoxide reductase homolog => Vitamin K epoxide reductase 
[19:10:27] Modify product: UPF0053 inner membrane protein YfjD => hypothetical protein
[19:10:27] Modify product: UPF0234 protein Rv0566c => hypothetical protein
[19:10:27] Modify product: Uncharacterized protein Rv0502 => putative protein
[19:10:27] Modify product: Probable phycoerythrobilin lyase CpeT => putative phycoerythrobilin lyase CpeT
[19:10:27] Modify product: Uncharacterized ABC transporter ATP-binding protein TM_0288 => putative ABC transporter ATP-binding protein
[19:10:27] Modify product: Peroxiredoxin sll1621 => Peroxiredoxin
[19:10:27] Modify product: Uncharacterized oxidoreductase MSMEG_1603/MSMEI_1564 => putative oxidoreductase/MSMEI_1564
[19:10:27] Modify product: UPF0176 protein lpg2838 => hypothetical protein
[19:10:27] Modify product: Probable 2-phosphosulfolactate phosphatase => putative 2-phosphosulfolactate phosphatase
[19:10:27] Modify product: UPF0053 protein Rv2366c => hypothetical protein
[19:10:27] Modify product: Uncharacterized ABC transporter ATP-binding protein YxlF => putative ABC transporter ATP-binding protein YxlF
[19:10:27] Modify product: Putative acetyltransferase Rv3034c => Putative acetyltransferase
[19:10:27] Modify product: Uncharacterized protein alr4550 => putative protein
[19:10:27] Modify product: Phosphate-specific transport system accessory protein PhoU homolog => Phosphate-specific transport system accessory protein PhoU 
[19:10:27] Modify product: Probable cytochrome c oxidase subunit 1 => putative cytochrome c oxidase subunit 1
[19:10:27] Modify product: Uncharacterized ABC transporter ATP-binding protein YbiT => putative ABC transporter ATP-binding protein YbiT
[19:10:27] Modify product: Probable ferredoxin/ferredoxin--NADP reductase => putative ferredoxin/ferredoxin--NADP reductase
[19:10:27] Modify product: Probable glutaredoxin ssr2061 => putative glutaredoxin
[19:10:28] Modify product: Probable flavin reductase => putative flavin reductase
[19:10:28] Modify product: Uncharacterized zinc protease Rv2782c => putative zinc protease
[19:10:28] Modify product: Uncharacterized protein Rv2004c => putative protein
[19:10:28] Modify product: Probable 30S ribosomal protein PSRP-3 => putative 30S ribosomal protein PSRP-3
[19:10:28] Modify product: Probable adenylyltransferase/sulfurtransferase MoeZ => putative adenylyltransferase/sulfurtransferase MoeZ
[19:10:28] Modify product: Putative multidrug export ATP-binding/permease protein SAV1866 => Putative multidrug export ATP-binding/permease protein
[19:10:28] Modify product: Probable multidrug resistance ABC transporter ATP-binding/permease protein YheI => putative multidrug resistance ABC transporter ATP-binding/permease protein YheI
[19:10:28] Modify product: Probable ribonucleotide transport ATP-binding protein mkl => putative ribonucleotide transport ATP-binding protein mkl
[19:10:28] Modify product: Carbon dioxide-concentrating mechanism protein CcmK homolog 2 => Carbon dioxide-concentrating mechanism protein CcmK 
[19:10:28] Modify product: Carbon dioxide-concentrating mechanism protein CcmK homolog 1 => Carbon dioxide-concentrating mechanism protein CcmK 
[19:10:28] Cleaned 66 /product names
[19:10:28] Deleting unwanted file: TARA_PON_109_MAG_00086.prokka.d/TARA_PON_109_MAG_00086.sprot.tmp.3464291.faa
[19:10:28] Deleting unwanted file: TARA_PON_109_MAG_00086.prokka.d/TARA_PON_109_MAG_00086.sprot.tmp.3464291.blast
[19:10:28] There are still 1331 unannotated CDS left (started with 2244)
[19:10:28] Will use hmmer3 to search against /home/dl/miniconda3/envs/prokka/db/hmm/HAMAP.hmm with 24 CPUs
[19:10:28] Running: cat TARA_PON_109_MAG_00086\.prokka\.d\/TARA_PON_109_MAG_00086\.HAMAP\.hmm\.tmp\.3464291\.faa | parallel --gnu --plain -j 24 --block 5603 --recstart '>' --pipe hmmscan --noali --notextw --acc -E 1e-09 --cpu 1 /home/dl/miniconda3/envs/prokka/db/hmm/HAMAP.hmm /dev/stdin > TARA_PON_109_MAG_00086\.prokka\.d\/TARA_PON_109_MAG_00086\.HAMAP\.hmm\.tmp\.3464291\.hmmer3 2> /dev/null
[19:10:38] Deleting unwanted file: TARA_PON_109_MAG_00086.prokka.d/TARA_PON_109_MAG_00086.HAMAP.hmm.tmp.3464291.faa
[19:10:38] Deleting unwanted file: TARA_PON_109_MAG_00086.prokka.d/TARA_PON_109_MAG_00086.HAMAP.hmm.tmp.3464291.hmmer3
[19:10:38] Labelling remaining 1161 proteins as 'hypothetical protein'
[19:10:38] Possible /pseudo 'Adaptive-response sensory-kinase SasA' at gnl|X|GPGPLJFG_8 position 5020
[19:10:38] Possible /pseudo 'Fructose-1,6-bisphosphatase class 1' at gnl|X|GPGPLJFG_24 position 8762
[19:10:38] Possible /pseudo 'DNA-directed RNA polymerase subunit beta'' at gnl|X|GPGPLJFG_26 position 17252
[19:10:38] Possible /pseudo 'Tryptophan synthase beta chain' at gnl|X|GPGPLJFG_37 position 3707
[19:10:38] Possible /pseudo 'A-adding tRNA nucleotidyltransferase' at gnl|X|GPGPLJFG_40 position 14008
[19:10:38] Possible /pseudo 'ATP-dependent Clp protease proteolytic subunit' at gnl|X|GPGPLJFG_63 position 1165
[19:10:38] Possible /pseudo 'NAD(P) transhydrogenase subunit alpha' at gnl|X|GPGPLJFG_80 position 4639
[19:10:38] Possible /pseudo 'Phage shock protein A ' at gnl|X|GPGPLJFG_82 position 29615
[19:10:38] Possible /pseudo 'NADP-dependent 3-hydroxy acid dehydrogenase YdfG' at gnl|X|GPGPLJFG_142 position 9226
[19:10:38] Possible /pseudo 'Delta(12)-fatty-acid desaturase' at gnl|X|GPGPLJFG_146 position 7405
[19:10:38] Possible /pseudo 'NAD(P)H-quinone oxidoreductase chain 4 1' at gnl|X|GPGPLJFG_151 position 8450
[19:10:38] Possible /pseudo 'NAD(P)H-quinone oxidoreductase chain 4 1' at gnl|X|GPGPLJFG_151 position 8726
[19:10:38] Possible /pseudo 'Maltokinase' at gnl|X|GPGPLJFG_165 position 6558
[19:10:38] Possible /pseudo 'Trehalose synthase/amylase TreS' at gnl|X|GPGPLJFG_165 position 8270
[19:10:38] Possible /pseudo '1,4-alpha-glucan branching enzyme GlgB' at gnl|X|GPGPLJFG_168 position 1626
[19:10:38] Possible /pseudo '1,4-alpha-glucan branching enzyme GlgB' at gnl|X|GPGPLJFG_168 position 2020
[19:10:38] Possible /pseudo 'Hercynine oxygenase' at gnl|X|GPGPLJFG_187 position 17291
[19:10:38] Possible /pseudo 'Hercynine oxygenase' at gnl|X|GPGPLJFG_187 position 17573
[19:10:38] Possible /pseudo 'Photosystem II manganese-stabilizing polypeptide' at gnl|X|GPGPLJFG_248 position 9750
[19:10:38] Possible /pseudo 'Lipid-A-disaccharide synthase' at gnl|X|GPGPLJFG_256 position 945
[19:10:38] Possible /pseudo 'Putative diflavin flavoprotein A 5' at gnl|X|GPGPLJFG_260 position 4905
[19:10:38] Possible /pseudo 'Putative diflavin flavoprotein A 5' at gnl|X|GPGPLJFG_260 position 5891
[19:10:38] Possible /pseudo 'Glycogen synthase' at gnl|X|GPGPLJFG_269 position 1904
[19:10:38] Possible /pseudo 'Photosystem II CP47 reaction center protein' at gnl|X|GPGPLJFG_269 position 17059
[19:10:38] Possible /pseudo 'D-inositol-3-phosphate glycosyltransferase' at gnl|X|GPGPLJFG_288 position 26595
[19:10:38] Possible /pseudo 'Photosystem II D2 protein' at gnl|X|GPGPLJFG_290 position 12919
[19:10:38] Possible /pseudo 'D-inositol-3-phosphate glycosyltransferase' at gnl|X|GPGPLJFG_308 position 12829
[19:10:38] Possible /pseudo 'Carbon dioxide-concentrating mechanism protein CcmK ' at gnl|X|GPGPLJFG_315 position 6256
[19:10:38] Found 864 unique /gene codes.
[19:10:38] Fixed 2 duplicate /gene - der_1 der_2
[19:10:38] Fixed 2 duplicate /gene - nifD_1 nifD_2
[19:10:38] Fixed 2 duplicate /gene - fabF_1 fabF_2
[19:10:38] Fixed 2 duplicate /gene - bioF_1 bioF_2
[19:10:38] Fixed 2 duplicate /gene - rpsK_1 rpsK_2
[19:10:38] Fixed 2 duplicate /gene - atpG_1 atpG_2
[19:10:38] Fixed 2 duplicate /gene - glmM_1 glmM_2
[19:10:38] Fixed 6 duplicate /gene - ndhD1_1 ndhD1_2 ndhD1_3 ndhD1_4 ndhD1_5 ndhD1_6
[19:10:38] Fixed 2 duplicate /gene - pbsA1_1 pbsA1_2
[19:10:38] Fixed 2 duplicate /gene - desA_1 desA_2
[19:10:38] Fixed 2 duplicate /gene - ydfG_1 ydfG_2
[19:10:38] Fixed 2 duplicate /gene - proA_1 proA_2
[19:10:38] Fixed 2 duplicate /gene - htpX_1 htpX_2
[19:10:38] Fixed 5 duplicate /gene - rcsC_1 rcsC_2 rcsC_3 rcsC_4 rcsC_5
[19:10:38] Fixed 2 duplicate /gene - pip_1 pip_2
[19:10:38] Fixed 2 duplicate /gene - fbiC_1 fbiC_2
[19:10:38] Fixed 3 duplicate /gene - cpcS_1 cpcS_2 cpcS_3
[19:10:38] Fixed 2 duplicate /gene - menA_1 menA_2
[19:10:38] Fixed 7 duplicate /gene - mshA_1 mshA_2 mshA_3 mshA_4 mshA_5 mshA_6 mshA_7
[19:10:38] Fixed 2 duplicate /gene - rfbF_1 rfbF_2
[19:10:38] Fixed 2 duplicate /gene - walR_1 walR_2
[19:10:38] Fixed 2 duplicate /gene - rpsM_1 rpsM_2
[19:10:38] Fixed 2 duplicate /gene - clpS_1 clpS_2
[19:10:38] Fixed 2 duplicate /gene - ftsH2_1 ftsH2_2
[19:10:38] Fixed 2 duplicate /gene - treS_1 treS_2
[19:10:38] Fixed 2 duplicate /gene - rpsU1_1 rpsU1_2
[19:10:38] Fixed 2 duplicate /gene - psbB_1 psbB_2
[19:10:38] Fixed 2 duplicate /gene - ecfA2_1 ecfA2_2
[19:10:38] Fixed 2 duplicate /gene - sppA_1 sppA_2
[19:10:38] Fixed 2 duplicate /gene - auaH_1 auaH_2
[19:10:38] Fixed 5 duplicate /gene - pknD_1 pknD_2 pknD_3 pknD_4 pknD_5
[19:10:38] Fixed 2 duplicate /gene - lpxB_1 lpxB_2
[19:10:38] Fixed 2 duplicate /gene - lpxD_1 lpxD_2
[19:10:38] Fixed 2 duplicate /gene - tadA_1 tadA_2
[19:10:38] Fixed 2 duplicate /gene - rnc_1 rnc_2
[19:10:38] Fixed 2 duplicate /gene - dnaK_1 dnaK_2
[19:10:38] Fixed 2 duplicate /gene - bcp_1 bcp_2
[19:10:38] Fixed 2 duplicate /gene - ctaD_1 ctaD_2
[19:10:38] Fixed 2 duplicate /gene - ndhB_1 ndhB_2
[19:10:38] Fixed 2 duplicate /gene - phoP_1 phoP_2
[19:10:38] Fixed 4 duplicate /gene - dfa5_1 dfa5_2 dfa5_3 dfa5_4
[19:10:38] Fixed 2 duplicate /gene - clpC_1 clpC_2
[19:10:38] Fixed 2 duplicate /gene - nifH_1 nifH_2
[19:10:38] Fixed 2 duplicate /gene - vraR_1 vraR_2
[19:10:38] Fixed 2 duplicate /gene - ubiB_1 ubiB_2
[19:10:38] Fixed 3 duplicate /gene - tldD_1 tldD_2 tldD_3
[19:10:38] Fixed 3 duplicate /gene - ycf3_1 ycf3_2 ycf3_3
[19:10:38] Fixed 2 duplicate /gene - rnr_1 rnr_2
[19:10:38] Fixed 2 duplicate /gene - gph_1 gph_2
[19:10:38] Fixed 2 duplicate /gene - lptB_1 lptB_2
[19:10:38] Fixed 2 duplicate /gene - gcvT_1 gcvT_2
[19:10:38] Fixed 2 duplicate /gene - acpP_1 acpP_2
[19:10:38] Fixed 2 duplicate /gene - ftsH3_1 ftsH3_2
[19:10:38] Fixed 2 duplicate /gene - lpxC_1 lpxC_2
[19:10:38] Fixed 2 duplicate /gene - rpoD_1 rpoD_2
[19:10:38] Fixed 2 duplicate /gene - mak_1 mak_2
[19:10:38] Fixed 2 duplicate /gene - cugP_1 cugP_2
[19:10:38] Fixed 5 duplicate /gene - dnaJ_1 dnaJ_2 dnaJ_3 dnaJ_4 dnaJ_5
[19:10:38] Fixed 2 duplicate /gene - pepP_1 pepP_2
[19:10:38] Fixed 2 duplicate /gene - dnaE_1 dnaE_2
[19:10:38] Fixed 4 duplicate /gene - clpP_1 clpP_2 clpP_3 clpP_4
[19:10:38] Fixed 3 duplicate /gene - cpoB_1 cpoB_2 cpoB_3
[19:10:38] Fixed 2 duplicate /gene - hemH_1 hemH_2
[19:10:38] Fixed 2 duplicate /gene - tagU_1 tagU_2
[19:10:38] Fixed 2 duplicate /gene - pntA_1 pntA_2
[19:10:38] Fixed 2 duplicate /gene - psbD_1 psbD_2
[19:10:38] Fixed 2 duplicate /gene - apcD_1 apcD_2
[19:10:38] Fixed 2 duplicate /gene - mntB_1 mntB_2
[19:10:38] Fixed 2 duplicate /gene - dapL_1 dapL_2
[19:10:38] Fixed 2 duplicate /gene - cobN_1 cobN_2
[19:10:38] Fixed 2 duplicate /gene - trxB_1 trxB_2
[19:10:38] Fixed 2 duplicate /gene - nasF_1 nasF_2
[19:10:38] Fixed 2 duplicate /gene - pyrC_1 pyrC_2
[19:10:38] Fixed 2 duplicate /gene - ytrE_1 ytrE_2
[19:10:38] Fixed 2 duplicate /gene - mutM_1 mutM_2
[19:10:38] Fixed 2 duplicate /gene - lipA2_1 lipA2_2
[19:10:38] Fixed 2 duplicate /gene - speA_1 speA_2
[19:10:38] Fixed 3 duplicate /gene - sigA2_1 sigA2_2 sigA2_3
[19:10:38] Fixed 3 duplicate /gene - bicA_1 bicA_2 bicA_3
[19:10:38] Fixed 2 duplicate /gene - clpB1_1 clpB1_2
[19:10:38] Fixed 3 duplicate /gene - glgB_1 glgB_2 glgB_3
[19:10:38] Fixed 3 duplicate /gene - glgA_1 glgA_2 glgA_3
[19:10:38] Fixed 2 duplicate /gene - cpdA_1 cpdA_2
[19:10:38] Fixed 3 duplicate /gene - menH_1 menH_2 menH_3
[19:10:38] Fixed 2 duplicate /gene - fbp_1 fbp_2
[19:10:38] Fixed 2 duplicate /gene - pds_1 pds_2
[19:10:38] Fixed 4 duplicate /gene - egtB_1 egtB_2 egtB_3 egtB_4
[19:10:38] Fixed 2 duplicate /gene - cmpR_1 cmpR_2
[19:10:38] Fixed 3 duplicate /gene - smc_1 smc_2 smc_3
[19:10:38] Fixed 2 duplicate /gene - gyrA_1 gyrA_2
[19:10:38] Fixed 2 duplicate /gene - trpB_1 trpB_2
[19:10:38] Fixed 2 duplicate /gene - psbO_1 psbO_2
[19:10:38] Fixed 2 duplicate /gene - hisD_1 hisD_2
[19:10:38] Fixed 2 duplicate /gene - era_1 era_2
[19:10:38] Fixed 2 duplicate /gene - malQ_1 malQ_2
[19:10:38] Fixed 2 duplicate /gene - ctaE_1 ctaE_2
[19:10:38] Fixed 6 duplicate /gene - sasA_1 sasA_2 sasA_3 sasA_4 sasA_5 sasA_6
[19:10:38] Fixed 2 duplicate /gene - nifK_1 nifK_2
[19:10:38] Fixed 2 duplicate /gene - putP_1 putP_2
[19:10:38] Fixed 99 colliding /gene names.
[19:10:38] Adding /locus_tag identifiers
[19:10:38] Assigned 2281 locus_tags to CDS and RNA features.
[19:10:38] Writing outputs to TARA_PON_109_MAG_00086.prokka.d/
[19:10:39] Generating annotation statistics file
[19:10:39] Generating Genbank and Sequin files
[19:10:39] Running: tbl2asn -V b -a r10k -l paired-ends -M n -N 1 -y 'Annotated using prokka 1.14.6 from https://github.com/tseemann/prokka' -Z TARA_PON_109_MAG_00086\.prokka\.d\/TARA_PON_109_MAG_00086\.err -i TARA_PON_109_MAG_00086\.prokka\.d\/TARA_PON_109_MAG_00086\.fsa 2> /dev/null
[tbl2asn-forever] Found Prokka input, correcting dates in .gbf|.sqn files.
[tbl2asn-forever] Correcting dates in TARA_PON_109_MAG_00086.prokka.d/TARA_PON_109_MAG_00086.gbf
[tbl2asn-forever] Correcting dates in TARA_PON_109_MAG_00086.prokka.d/TARA_PON_109_MAG_00086.sqn
[tbl2asn-forever] Dates changed from 01-JAN-2019 to 24-JAN-2022
[19:10:42] Deleting unwanted file: TARA_PON_109_MAG_00086.prokka.d/errorsummary.val
[19:10:42] Deleting unwanted file: TARA_PON_109_MAG_00086.prokka.d/TARA_PON_109_MAG_00086.dr
[19:10:42] Deleting unwanted file: TARA_PON_109_MAG_00086.prokka.d/TARA_PON_109_MAG_00086.fixedproducts
[19:10:42] Deleting unwanted file: TARA_PON_109_MAG_00086.prokka.d/TARA_PON_109_MAG_00086.ecn
[19:10:42] Deleting unwanted file: TARA_PON_109_MAG_00086.prokka.d/TARA_PON_109_MAG_00086.val
[19:10:42] Repairing broken .GBK output that tbl2asn produces...
[19:10:42] Running: sed 's/COORDINATES: profile/COORDINATES:profile/' < TARA_PON_109_MAG_00086\.prokka\.d\/TARA_PON_109_MAG_00086\.gbf > TARA_PON_109_MAG_00086\.prokka\.d\/TARA_PON_109_MAG_00086\.gbk
[19:10:42] Deleting unwanted file: TARA_PON_109_MAG_00086.prokka.d/TARA_PON_109_MAG_00086.gbf
[19:10:42] Output files:
[19:10:42] TARA_PON_109_MAG_00086.prokka.d/TARA_PON_109_MAG_00086.ffn
[19:10:42] TARA_PON_109_MAG_00086.prokka.d/TARA_PON_109_MAG_00086.fna
[19:10:42] TARA_PON_109_MAG_00086.prokka.d/TARA_PON_109_MAG_00086.txt
[19:10:42] TARA_PON_109_MAG_00086.prokka.d/TARA_PON_109_MAG_00086.fsa
[19:10:42] TARA_PON_109_MAG_00086.prokka.d/TARA_PON_109_MAG_00086.sqn
[19:10:42] TARA_PON_109_MAG_00086.prokka.d/TARA_PON_109_MAG_00086.log
[19:10:42] TARA_PON_109_MAG_00086.prokka.d/TARA_PON_109_MAG_00086.err
[19:10:42] TARA_PON_109_MAG_00086.prokka.d/TARA_PON_109_MAG_00086.tsv
[19:10:42] TARA_PON_109_MAG_00086.prokka.d/TARA_PON_109_MAG_00086.faa
[19:10:42] TARA_PON_109_MAG_00086.prokka.d/TARA_PON_109_MAG_00086.gff
[19:10:42] TARA_PON_109_MAG_00086.prokka.d/TARA_PON_109_MAG_00086.tbl
[19:10:42] TARA_PON_109_MAG_00086.prokka.d/TARA_PON_109_MAG_00086.gbk
[19:10:42] Annotation finished successfully.
[19:10:42] Walltime used: 0.65 minutes
[19:10:42] If you use this result please cite the Prokka paper:
[19:10:42] Seemann T (2014) Prokka: rapid prokaryotic genome annotation. Bioinformatics. 30(14):2068-9.
[19:10:42] Type 'prokka --citation' for more details.
[19:10:42] Share and enjoy!
