[19:09:23] This is prokka 1.14.6
[19:09:23] Written by Torsten Seemann <torsten.seemann@gmail.com>
[19:09:23] Homepage is https://github.com/tseemann/prokka
[19:09:23] Local time is Mon Jan 24 19:09:23 2022
[19:09:23] You are dl
[19:09:23] Operating system is linux
[19:09:23] You have BioPerl 1.007002
[19:09:23] System has 24 cores.
[19:09:23] Will use maximum of 24 cores.
[19:09:23] Annotating as >>> Bacteria <<<
[19:09:23] Generating locus_tag from 'TARA_MED_95_MAG_00146.fna' contents.
[19:09:23] Setting --locustag NBPNILKP from MD5 7b972549cf3e007310a31f908b605444
[19:09:23] Enabling options to ensure Genbank/ENA/DDJB submission compliance.
[19:09:23] Creating new output folder: TARA_MED_95_MAG_00146.prokka.d
[19:09:23] Running: mkdir -p TARA_MED_95_MAG_00146\.prokka\.d
[19:09:23] Using filename prefix: TARA_MED_95_MAG_00146.XXX
[19:09:23] Setting HMMER_NCPU=1
[19:09:23] Writing log to: TARA_MED_95_MAG_00146.prokka.d/TARA_MED_95_MAG_00146.log
[19:09:23] Command: /home/dl/miniconda3/envs/prokka/bin/prokka --outdir=TARA_MED_95_MAG_00146.prokka.d --prefix=TARA_MED_95_MAG_00146 --cpus=0 --centre X --compliant TARA_MED_95_MAG_00146.fna
[19:09:23] Appending to PATH: /home/dl/miniconda3/envs/prokka/bin
[19:09:23] Looking for 'aragorn' - found /home/dl/miniconda3/envs/prokka/bin/aragorn
[19:09:23] Determined aragorn version is 001002 from 'ARAGORN v1.2.38 Dean Laslett'
[19:09:23] Looking for 'barrnap' - found /home/dl/miniconda3/envs/prokka/bin/barrnap
[19:09:23] Determined barrnap version is 000009 from 'barrnap 0.9'
[19:09:23] Looking for 'blastp' - found /home/dl/miniconda3/envs/prokka/bin/blastp
[19:09:24] Determined blastp version is 002012 from 'blastp: 2.12.0+'
[19:09:24] Looking for 'cmpress' - found /home/dl/miniconda3/envs/prokka/bin/cmpress
[19:09:24] Determined cmpress version is 001001 from '# INFERNAL 1.1.4 (Dec 2020)'
[19:09:24] Looking for 'cmscan' - found /home/dl/miniconda3/envs/prokka/bin/cmscan
[19:09:24] Determined cmscan version is 001001 from '# INFERNAL 1.1.4 (Dec 2020)'
[19:09:24] Looking for 'egrep' - found /usr/bin/egrep
[19:09:24] Looking for 'find' - found /usr/bin/find
[19:09:24] Looking for 'grep' - found /usr/bin/grep
[19:09:24] Looking for 'hmmpress' - found /home/dl/miniconda3/envs/prokka/bin/hmmpress
[19:09:24] Determined hmmpress version is 003003 from '# HMMER 3.3.2 (Nov 2020); http://hmmer.org/'
[19:09:24] Looking for 'hmmscan' - found /home/dl/miniconda3/envs/prokka/bin/hmmscan
[19:09:24] Determined hmmscan version is 003003 from '# HMMER 3.3.2 (Nov 2020); http://hmmer.org/'
[19:09:24] Looking for 'java' - found /home/dl/miniconda3/envs/prokka/bin/java
[19:09:24] Looking for 'makeblastdb' - found /home/dl/miniconda3/envs/prokka/bin/makeblastdb
[19:09:25] Determined makeblastdb version is 002012 from 'makeblastdb: 2.12.0+'
[19:09:25] Looking for 'minced' - found /home/dl/miniconda3/envs/prokka/bin/minced
[19:09:25] Determined minced version is 004002 from 'minced 0.4.2'
[19:09:25] Looking for 'parallel' - found /home/dl/miniconda3/envs/prokka/bin/parallel
[19:09:25] Determined parallel version is 20211222 from 'GNU parallel 20211222'
[19:09:25] Looking for 'prodigal' - found /home/dl/miniconda3/envs/prokka/bin/prodigal
[19:09:25] Determined prodigal version is 002006 from 'Prodigal V2.6.3: February, 2016'
[19:09:25] Looking for 'prokka-genbank_to_fasta_db' - found /home/dl/miniconda3/envs/prokka/bin/prokka-genbank_to_fasta_db
[19:09:25] Looking for 'sed' - found /usr/bin/sed
[19:09:25] Looking for 'tbl2asn' - found /home/dl/miniconda3/envs/prokka/bin/tbl2asn
[19:09:25] Determined tbl2asn version is 025007 from 'tbl2asn 25.7   arguments:'
[19:09:25] Using genetic code table 11.
[19:09:25] Loading and checking input file: TARA_MED_95_MAG_00146.fna
[19:09:25] Wrote 340 contigs totalling 3046011 bp.
[19:09:25] Predicting tRNAs and tmRNAs
[19:09:25] Running: aragorn -l -gc11  -w TARA_MED_95_MAG_00146\.prokka\.d\/TARA_MED_95_MAG_00146\.fna
[19:09:25] 1 tRNA-Glu c[6676,6749] 35 (ttc)
[19:09:25] 2 tRNA-Pro c[19556,19629] 35 (tgg)
[19:09:25] 1 tRNA-Arg c[8980,9053] 35 (acg)
[19:09:25] 2 tRNA-Pro [10507,10580] 35 (cgg)
[19:09:25] 3 tRNA-Ser c[15336,15424] 36 (gga)
[19:09:25] 1 tRNA-Ala [4048,4122] 35 (ggc)
[19:09:25] 1 tRNA-Asn c[471,544] 34 (gtt)
[19:09:25] 1 tRNA-Pro c[500,573] 35 (ggg)
[19:09:25] 1 tRNA-Thr [109,180] 33 (tgt)
[19:09:25] 1 tRNA-Met [49143,49215] 34 (cat)
[19:09:25] 1 tRNA-Ala [2504,2579] 35 (cgc)
[19:09:25] 1 tRNA-Trp [789,862] 34 (cca)
[19:09:25] 1 tRNA-Ser c[11006,11094] 36 (cga)
[19:09:25] 1 tRNA-Met c[1645,1719] 35 (cat)
[19:09:25] 1 tRNA-Met [8901,8977] 35 (cat)
[19:09:25] 1 tRNA-Ser [9243,9334] 35 (gct)
[19:09:25] 1 tRNA-Val [832,906] 35 (gac)
[19:09:25] 1 tRNA-Leu c[464,547] 36 (tag)
[19:09:25] 1 tRNA-Asp c[2650,2723] 35 (gtc)
[19:09:25] 1 tRNA-Gln c[2741,2814] 34 (ttg)
[19:09:25] 1 tRNA-Lys [289,362] 34 (ttt)
[19:09:25] 1 tRNA-Arg [296,371] 35 (ccg)
[19:09:26] 1 tRNA-Arg [13886,13961] 36 (tct)
[19:09:26] 1 tRNA-Thr c[3693,3764] 33 (cgt)
[19:09:26] 1 tRNA-Thr c[168,239] 33 (ggt)
[19:09:26] 2 tRNA-Tyr c[312,396] 35 (gta)
[19:09:26] 1 tRNA-Leu c[2046,2126] 35 (gag)
[19:09:26] 1 tRNA-Arg [9077,9153] 36 (cct)
[19:09:26] 1 tRNA-Leu c[16931,17016] 36 (caa)
[19:09:26] 2 tRNA-Leu [19675,19758] 35 (cag)
[19:09:26] 1 tRNA-Gly [5885,5956] 33 (gcc)
[19:09:26] 1 tRNA-Cys [16426,16497] 33 (gca)
[19:09:26] 1 tRNA-Ser [2913,2999] 36 (tga)
[19:09:26] 1 tRNA-His c[6983,7056] 34 (gtg)
[19:09:26] 1 tRNA-Val c[33864,33936] 34 (tac)
[19:09:26] 1 tRNA-Phe [12370,12444] 35 (gaa)
[19:09:26] 1 tmRNA [8093,8486] 101,151 ANNIVSFARKPVAAIA*
[19:09:26] Found 37 tRNAs
[19:09:26] Predicting Ribosomal RNAs
[19:09:26] Running Barrnap with 24 threads
[19:09:26] Found 0 rRNAs
[19:09:26] Skipping ncRNA search, enable with --rfam if desired.
[19:09:26] Total of 36 tRNA + rRNA features
[19:09:26] Searching for CRISPR repeats
[19:09:26] Found 0 CRISPRs
[19:09:26] Predicting coding sequences
[19:09:26] Contigs total 3046011 bp, so using single mode
[19:09:26] Running: prodigal -i TARA_MED_95_MAG_00146\.prokka\.d\/TARA_MED_95_MAG_00146\.fna -c -m -g 11 -p single -f sco -q
[19:09:28] Excluding CDS which overlaps existing RNA (tRNA) at gnl|X|NBPNILKP_115:10993..11217 on - strand
[19:09:28] Excluding CDS which overlaps existing RNA (tRNA) at gnl|X|NBPNILKP_183:464..646 on + strand
[19:09:28] Excluding CDS which overlaps existing RNA (tRNA) at gnl|X|NBPNILKP_202:269..382 on + strand
[19:09:28] Excluding CDS which overlaps existing RNA (tRNA) at gnl|X|NBPNILKP_214:13750..13968 on - strand
[19:09:28] Excluding CDS which overlaps existing RNA (tRNA) at gnl|X|NBPNILKP_215:3631..3831 on - strand
[19:09:28] Excluding CDS which overlaps existing RNA (tRNA) at gnl|X|NBPNILKP_305:2881..3018 on + strand
[19:09:28] Excluding CDS which overlaps existing RNA (tRNA) at gnl|X|NBPNILKP_310:6896..7063 on - strand
[19:09:28] Excluding CDS which overlaps existing RNA (tRNA) at gnl|X|NBPNILKP_313:33844..33960 on - strand
[19:09:28] Found 2039 CDS
[19:09:28] Connecting features back to sequences
[19:09:28] Not using genus-specific database. Try --usegenus to enable it.
[19:09:28] Annotating CDS, please be patient.
[19:09:28] Will use 24 CPUs for similarity searching.
[19:09:29] There are still 2039 unannotated CDS left (started with 2039)
[19:09:29] Will use blast to search against /home/dl/miniconda3/envs/prokka/db/kingdom/Bacteria/IS with 24 CPUs
[19:09:29] Running: cat TARA_MED_95_MAG_00146\.prokka\.d\/TARA_MED_95_MAG_00146\.IS\.tmp\.3461701\.faa | parallel --gnu --plain -j 24 --block 12329 --recstart '>' --pipe blastp -query - -db /home/dl/miniconda3/envs/prokka/db/kingdom/Bacteria/IS -evalue 1e-30 -qcov_hsp_perc 90 -num_threads 1 -num_descriptions 1 -num_alignments 1 -seg no > TARA_MED_95_MAG_00146\.prokka\.d\/TARA_MED_95_MAG_00146\.IS\.tmp\.3461701\.blast 2> /dev/null
[19:09:33] Deleting unwanted file: TARA_MED_95_MAG_00146.prokka.d/TARA_MED_95_MAG_00146.IS.tmp.3461701.faa
[19:09:33] Deleting unwanted file: TARA_MED_95_MAG_00146.prokka.d/TARA_MED_95_MAG_00146.IS.tmp.3461701.blast
[19:09:33] There are still 2039 unannotated CDS left (started with 2039)
[19:09:33] Will use blast to search against /home/dl/miniconda3/envs/prokka/db/kingdom/Bacteria/AMR with 24 CPUs
[19:09:33] Running: cat TARA_MED_95_MAG_00146\.prokka\.d\/TARA_MED_95_MAG_00146\.AMR\.tmp\.3461701\.faa | parallel --gnu --plain -j 24 --block 12329 --recstart '>' --pipe blastp -query - -db /home/dl/miniconda3/envs/prokka/db/kingdom/Bacteria/AMR -evalue 9.99999999999999e-301 -qcov_hsp_perc 90 -num_threads 1 -num_descriptions 1 -num_alignments 1 -seg no > TARA_MED_95_MAG_00146\.prokka\.d\/TARA_MED_95_MAG_00146\.AMR\.tmp\.3461701\.blast 2> /dev/null
[19:09:38] Deleting unwanted file: TARA_MED_95_MAG_00146.prokka.d/TARA_MED_95_MAG_00146.AMR.tmp.3461701.faa
[19:09:38] Deleting unwanted file: TARA_MED_95_MAG_00146.prokka.d/TARA_MED_95_MAG_00146.AMR.tmp.3461701.blast
[19:09:38] There are still 2039 unannotated CDS left (started with 2039)
[19:09:38] Will use blast to search against /home/dl/miniconda3/envs/prokka/db/kingdom/Bacteria/sprot with 24 CPUs
[19:09:38] Running: cat TARA_MED_95_MAG_00146\.prokka\.d\/TARA_MED_95_MAG_00146\.sprot\.tmp\.3461701\.faa | parallel --gnu --plain -j 24 --block 12329 --recstart '>' --pipe blastp -query - -db /home/dl/miniconda3/envs/prokka/db/kingdom/Bacteria/sprot -evalue 1e-09 -qcov_hsp_perc 80 -num_threads 1 -num_descriptions 1 -num_alignments 1 -seg no > TARA_MED_95_MAG_00146\.prokka\.d\/TARA_MED_95_MAG_00146\.sprot\.tmp\.3461701\.blast 2> /dev/null
[19:09:47] Modify product: Putative transport protein Rv0205 => Putative transport protein
[19:09:47] Modify product: UPF0053 inner membrane protein YtfL => hypothetical protein
[19:09:47] Modify product: Peroxiredoxin sll1621 => Peroxiredoxin
[19:09:47] Modify product: Uncharacterized protein Rv0502 => putative protein
[19:09:47] Modify product: Carbon dioxide-concentrating mechanism protein CcmK homolog 1 => Carbon dioxide-concentrating mechanism protein CcmK 
[19:09:47] Modify product: Carbon dioxide-concentrating mechanism protein CcmK homolog 2 => Carbon dioxide-concentrating mechanism protein CcmK 
[19:09:47] Modify product: GTP cyclohydrolase 1 type 2 homolog => GTP cyclohydrolase 1 type 2 
[19:09:47] Modify product: Uncharacterized symporter YjmB => putative symporter YjmB
[19:09:47] Modify product: Uncharacterized protein Rv2307c => putative protein
[19:09:47] Modify product: Uncharacterized RNA pseudouridine synthase Rv1711 => putative RNA pseudouridine synthase
[19:09:47] Modify product: Rqc2 homolog RqcH => Rqc2 RqcH
[19:09:48] Modify product: Probable undecaprenyl-phosphate N-acetylglucosaminyl 1-phosphate transferase => putative undecaprenyl-phosphate N-acetylglucosaminyl 1-phosphate transferase
[19:09:48] Modify product: Uncharacterized zinc protease Rv2782c => putative zinc protease
[19:09:48] Modify product: Protease HtpX homolog => Protease HtpX 
[19:09:48] Modify product: Uncharacterized protein alr4550 => putative protein
[19:09:48] Modify product: Probable phycoerythrobilin lyase CpeT => putative phycoerythrobilin lyase CpeT
[19:09:48] Modify product: Uncharacterized phycocyanin operon protein Z => putative phycocyanin operon protein Z
[19:09:48] Modify product: Uncharacterized ABC transporter ATP-binding protein YknY => putative ABC transporter ATP-binding protein YknY
[19:09:48] Modify product: Uncharacterized MFS-type transporter YfcJ => putative MFS-type transporter YfcJ
[19:09:48] Modify product: Probable ferredoxin/ferredoxin--NADP reductase => putative ferredoxin/ferredoxin--NADP reductase
[19:09:48] Modify product: Phage shock protein A homolog => Phage shock protein A 
[19:09:48] Modify product: Phage shock protein A homolog => Phage shock protein A 
[19:09:48] Modify product: Uncharacterized oxidoreductase MSMEG_1603/MSMEI_1564 => putative oxidoreductase/MSMEI_1564
[19:09:48] Modify product: Uncharacterized ABC transporter ATP-binding protein YxlF => putative ABC transporter ATP-binding protein YxlF
[19:09:48] Modify product: Probable ribonucleotide transport ATP-binding protein mkl => putative ribonucleotide transport ATP-binding protein mkl
[19:09:48] Modify product: UPF0182 protein MSMEG_1959/MSMEI_1915 => hypothetical protein
[19:09:48] Modify product: UPF0176 protein lpg2838 => hypothetical protein
[19:09:48] Modify product: Carbon dioxide-concentrating mechanism protein CcmK homolog 4 => Carbon dioxide-concentrating mechanism protein CcmK 
[19:09:48] Modify product: Probable ABC transporter-binding protein DR_1571 => putative ABC transporter-binding protein
[19:09:48] Modify product: Uncharacterized ABC transporter ATP-binding protein TM_0288 => putative ABC transporter ATP-binding protein
[19:09:48] Modify product: Sulfurtransferase Alvin_2599 => Sulfurtransferase
[19:09:48] Modify product: Uncharacterized ABC transporter ATP-binding protein YheS => putative ABC transporter ATP-binding protein YheS
[19:09:48] Modify product: Epimerase family protein SA0724 => Epimerase family protein
[19:09:48] Modify product: UPF0382 membrane protein YwdK => hypothetical protein
[19:09:48] Modify product: Uncharacterized protein Rv1829 => putative protein
[19:09:48] Modify product: 1,4-alpha-glucan branching enzyme TTHA1902 => 1,4-alpha-glucan branching enzyme
[19:09:48] Modify product: Bifunctional protein FolD => Bifunctional protein FolD protein
[19:09:48] Modify product: Probable helicase HelY => putative helicase HelY
[19:09:48] Modify product: Glycogen operon protein GlgX homolog => Glycogen operon protein GlgX 
[19:09:48] Modify product: Probable 2-phosphosulfolactate phosphatase => putative 2-phosphosulfolactate phosphatase
[19:09:48] Modify product: Probable cytosol aminopeptidase => putative cytosol aminopeptidase
[19:09:48] Modify product: UPF0047 protein Rv2556c => hypothetical protein
[19:09:48] Modify product: Probable cysteine desulfurase => putative cysteine desulfurase
[19:09:48] Modify product: Probable protein kinase UbiB => putative protein kinase UbiB
[19:09:48] Modify product: UPF0234 protein Rv0566c => hypothetical protein
[19:09:48] Modify product: GTP-binding protein TypA/BipA homolog => GTP-binding protein TypA/BipA 
[19:09:48] Modify product: Putative low molecular weight protein-tyrosine-phosphatase slr0328 => Putative low molecular weight protein-tyrosine-phosphatase
[19:09:48] Modify product: Probable cytochrome c oxidase subunit 1 => putative cytochrome c oxidase subunit 1
[19:09:48] Modify product: Probable peptidoglycan glycosyltransferase FtsW => putative peptidoglycan glycosyltransferase FtsW
[19:09:48] Modify product: Probable transcriptional regulatory protein aq_1575 => putative transcriptional regulatory protein
[19:09:48] Modify product: Probable iron export permease protein FetB => putative iron export permease protein FetB
[19:09:48] Modify product: Uncharacterized PIN and TRAM-domain containing protein YacL => putative PIN and TRAM-domain containing protein YacL
[19:09:48] Modify product: Probable ATP-dependent transporter SufC => putative ATP-dependent transporter SufC
[19:09:48] Modify product: Probable glutaredoxin ssr2061 => putative glutaredoxin
[19:09:48] Modify product: NADH dehydrogenase-like protein SAOUHSC_00878 => NADH dehydrogenase-like protein
[19:09:48] Modify product: Uncharacterized protein alr4550 => putative protein
[19:09:48] Modify product: Uncharacterized protein Rv2004c => putative protein
[19:09:48] Modify product: Monocarboxylate 2-oxoacid-binding periplasmic protein all3028 => Monocarboxylate 2-oxoacid-binding periplasmic protein
[19:09:48] Modify product: N-glycosidase Npun_R5314 => N-glycosidase
[19:09:48] Modify product: Vitamin K epoxide reductase homolog => Vitamin K epoxide reductase 
[19:09:48] Modify product: Uncharacterized protein slr1565 => putative protein
[19:09:48] Modify product: Uncharacterized sugar epimerase YhfK => putative sugar epimerase YhfK
[19:09:48] Modify product: Uncharacterized protein Rv2715 => putative protein
[19:09:48] Modify product: Uncharacterized zinc protease Rv2782c => putative zinc protease
[19:09:48] Modify product: Uncharacterized ABC transporter ATP-binding protein TM_0288 => putative ABC transporter ATP-binding protein
[19:09:48] Modify product: Probable multidrug resistance ABC transporter ATP-binding/permease protein YheI => putative multidrug resistance ABC transporter ATP-binding/permease protein YheI
[19:09:48] Modify product: Probable adenylyltransferase/sulfurtransferase MoeZ => putative adenylyltransferase/sulfurtransferase MoeZ
[19:09:48] Modify product: Uncharacterized zinc protease Rv2782c => putative zinc protease
[19:09:48] Modify product: Probable ketoamine kinase HMPREF0351_12196 => putative ketoamine kinase
[19:09:48] Modify product: Uncharacterized oxidoreductase SA2266 => putative oxidoreductase
[19:09:48] Modify product: UPF0053 protein Rv2366c => hypothetical protein
[19:09:48] Modify product: Uncharacterized protein RP812 => putative protein RP812
[19:09:48] Cleaned 72 /product names
[19:09:48] Deleting unwanted file: TARA_MED_95_MAG_00146.prokka.d/TARA_MED_95_MAG_00146.sprot.tmp.3461701.faa
[19:09:48] Deleting unwanted file: TARA_MED_95_MAG_00146.prokka.d/TARA_MED_95_MAG_00146.sprot.tmp.3461701.blast
[19:09:48] There are still 1098 unannotated CDS left (started with 2039)
[19:09:48] Will use hmmer3 to search against /home/dl/miniconda3/envs/prokka/db/hmm/HAMAP.hmm with 24 CPUs
[19:09:48] Running: cat TARA_MED_95_MAG_00146\.prokka\.d\/TARA_MED_95_MAG_00146\.HAMAP\.hmm\.tmp\.3461701\.faa | parallel --gnu --plain -j 24 --block 5524 --recstart '>' --pipe hmmscan --noali --notextw --acc -E 1e-09 --cpu 1 /home/dl/miniconda3/envs/prokka/db/hmm/HAMAP.hmm /dev/stdin > TARA_MED_95_MAG_00146\.prokka\.d\/TARA_MED_95_MAG_00146\.HAMAP\.hmm\.tmp\.3461701\.hmmer3 2> /dev/null
[19:09:57] Deleting unwanted file: TARA_MED_95_MAG_00146.prokka.d/TARA_MED_95_MAG_00146.HAMAP.hmm.tmp.3461701.faa
[19:09:57] Deleting unwanted file: TARA_MED_95_MAG_00146.prokka.d/TARA_MED_95_MAG_00146.HAMAP.hmm.tmp.3461701.hmmer3
[19:09:57] Labelling remaining 926 proteins as 'hypothetical protein'
[19:09:57] Possible /pseudo 'Phage shock protein A ' at gnl|X|NBPNILKP_13 position 33699
[19:09:57] Possible /pseudo 'DNA-directed RNA polymerase subunit beta'' at gnl|X|NBPNILKP_52 position 27905
[19:09:57] Possible /pseudo 'Carbon dioxide-concentrating mechanism protein CcmK ' at gnl|X|NBPNILKP_90 position 9325
[19:09:57] Possible /pseudo 'Delta(12)-fatty-acid desaturase' at gnl|X|NBPNILKP_96 position 2104
[19:09:57] Possible /pseudo 'NAD(P) transhydrogenase subunit alpha' at gnl|X|NBPNILKP_101 position 10020
[19:09:57] Possible /pseudo 'Bicarbonate transporter BicA' at gnl|X|NBPNILKP_191 position 3250
[19:09:57] Possible /pseudo 'D-inositol-3-phosphate glycosyltransferase' at gnl|X|NBPNILKP_210 position 2226
[19:09:57] Possible /pseudo 'ATP-dependent Clp protease proteolytic subunit' at gnl|X|NBPNILKP_313 position 20067
[19:09:57] Found 904 unique /gene codes.
[19:09:57] Fixed 2 duplicate /gene - era_1 era_2
[19:09:57] Fixed 2 duplicate /gene - desA_1 desA_2
[19:09:57] Fixed 2 duplicate /gene - tagU_1 tagU_2
[19:09:57] Fixed 2 duplicate /gene - auaH_1 auaH_2
[19:09:57] Fixed 2 duplicate /gene - rpsU1_1 rpsU1_2
[19:09:57] Fixed 2 duplicate /gene - ndhB_1 ndhB_2
[19:09:57] Fixed 2 duplicate /gene - suhB_1 suhB_2
[19:09:57] Fixed 2 duplicate /gene - ctaE_1 ctaE_2
[19:09:57] Fixed 2 duplicate /gene - trxB_1 trxB_2
[19:09:57] Fixed 2 duplicate /gene - ftsH2_1 ftsH2_2
[19:09:57] Fixed 2 duplicate /gene - COQ5_1 COQ5_2
[19:09:57] Fixed 2 duplicate /gene - dnaK_1 dnaK_2
[19:09:57] Fixed 2 duplicate /gene - pds_1 pds_2
[19:09:57] Fixed 2 duplicate /gene - nifD_1 nifD_2
[19:09:57] Fixed 8 duplicate /gene - sasA_1 sasA_2 sasA_3 sasA_4 sasA_5 sasA_6 sasA_7 sasA_8
[19:09:57] Fixed 2 duplicate /gene - kefB_1 kefB_2
[19:09:57] Fixed 7 duplicate /gene - mshA_1 mshA_2 mshA_3 mshA_4 mshA_5 mshA_6 mshA_7
[19:09:57] Fixed 3 duplicate /gene - smc_1 smc_2 smc_3
[19:09:57] Fixed 2 duplicate /gene - sigA2_1 sigA2_2
[19:09:57] Fixed 2 duplicate /gene - clpS_1 clpS_2
[19:09:57] Fixed 2 duplicate /gene - malQ_1 malQ_2
[19:09:57] Fixed 2 duplicate /gene - tal_1 tal_2
[19:09:57] Fixed 2 duplicate /gene - dnaE_1 dnaE_2
[19:09:57] Fixed 2 duplicate /gene - dnaA_1 dnaA_2
[19:09:57] Fixed 3 duplicate /gene - bioF_1 bioF_2 bioF_3
[19:09:57] Fixed 2 duplicate /gene - ftsH_1 ftsH_2
[19:09:57] Fixed 2 duplicate /gene - mdtA_1 mdtA_2
[19:09:57] Fixed 2 duplicate /gene - menA_1 menA_2
[19:09:57] Fixed 2 duplicate /gene - ctaD_1 ctaD_2
[19:09:57] Fixed 2 duplicate /gene - fusA_1 fusA_2
[19:09:57] Fixed 2 duplicate /gene - pbsA1_1 pbsA1_2
[19:09:57] Fixed 2 duplicate /gene - pipB2_1 pipB2_2
[19:09:57] Fixed 3 duplicate /gene - menH_1 menH_2 menH_3
[19:09:57] Fixed 2 duplicate /gene - cpcS_1 cpcS_2
[19:09:57] Fixed 2 duplicate /gene - dfa5_1 dfa5_2
[19:09:57] Fixed 2 duplicate /gene - apcD_1 apcD_2
[19:09:57] Fixed 2 duplicate /gene - tadA_1 tadA_2
[19:09:57] Fixed 2 duplicate /gene - lpxD_1 lpxD_2
[19:09:57] Fixed 2 duplicate /gene - gshA_1 gshA_2
[19:09:57] Fixed 2 duplicate /gene - proA_1 proA_2
[19:09:57] Fixed 2 duplicate /gene - pepP_1 pepP_2
[19:09:57] Fixed 2 duplicate /gene - nasF_1 nasF_2
[19:09:57] Fixed 2 duplicate /gene - cugP_1 cugP_2
[19:09:57] Fixed 3 duplicate /gene - ubiB_1 ubiB_2 ubiB_3
[19:09:57] Fixed 2 duplicate /gene - phoP_1 phoP_2
[19:09:57] Fixed 2 duplicate /gene - rnr_1 rnr_2
[19:09:57] Fixed 2 duplicate /gene - der_1 der_2
[19:09:57] Fixed 2 duplicate /gene - htpX_1 htpX_2
[19:09:57] Fixed 2 duplicate /gene - hemH_1 hemH_2
[19:09:57] Fixed 4 duplicate /gene - pknD_1 pknD_2 pknD_3 pknD_4
[19:09:57] Fixed 2 duplicate /gene - vraR_1 vraR_2
[19:09:57] Fixed 2 duplicate /gene - iscS_1 iscS_2
[19:09:57] Fixed 2 duplicate /gene - gcvT_1 gcvT_2
[19:09:57] Fixed 3 duplicate /gene - bicA_1 bicA_2 bicA_3
[19:09:57] Fixed 2 duplicate /gene - sppA_1 sppA_2
[19:09:57] Fixed 2 duplicate /gene - ribD_1 ribD_2
[19:09:57] Fixed 2 duplicate /gene - macB_1 macB_2
[19:09:57] Fixed 4 duplicate /gene - ndhD1_1 ndhD1_2 ndhD1_3 ndhD1_4
[19:09:57] Fixed 2 duplicate /gene - walR_1 walR_2
[19:09:57] Fixed 2 duplicate /gene - cobN_1 cobN_2
[19:09:57] Fixed 2 duplicate /gene - dfa3_1 dfa3_2
[19:09:57] Fixed 3 duplicate /gene - dapL_1 dapL_2 dapL_3
[19:09:57] Fixed 2 duplicate /gene - ycf3_1 ycf3_2
[19:09:57] Fixed 3 duplicate /gene - cpoB_1 cpoB_2 cpoB_3
[19:09:57] Fixed 2 duplicate /gene - cobD_1 cobD_2
[19:09:57] Fixed 2 duplicate /gene - mntB_1 mntB_2
[19:09:57] Fixed 2 duplicate /gene - pyrC_1 pyrC_2
[19:09:57] Fixed 3 duplicate /gene - gph_1 gph_2 gph_3
[19:09:57] Fixed 2 duplicate /gene - gyrA_1 gyrA_2
[19:09:57] Fixed 2 duplicate /gene - trpB_1 trpB_2
[19:09:57] Fixed 2 duplicate /gene - atpG_1 atpG_2
[19:09:57] Fixed 2 duplicate /gene - nifK_1 nifK_2
[19:09:57] Fixed 2 duplicate /gene - clpB1_1 clpB1_2
[19:09:57] Fixed 2 duplicate /gene - clpC_1 clpC_2
[19:09:57] Fixed 2 duplicate /gene - speA_1 speA_2
[19:09:57] Fixed 5 duplicate /gene - rcsC_1 rcsC_2 rcsC_3 rcsC_4 rcsC_5
[19:09:57] Fixed 4 duplicate /gene - clpP_1 clpP_2 clpP_3 clpP_4
[19:09:57] Fixed 2 duplicate /gene - pcyA_1 pcyA_2
[19:09:57] Fixed 2 duplicate /gene - nifH_1 nifH_2
[19:09:57] Fixed 2 duplicate /gene - rnc_1 rnc_2
[19:09:57] Fixed 5 duplicate /gene - dnaJ_1 dnaJ_2 dnaJ_3 dnaJ_4 dnaJ_5
[19:09:57] Fixed 3 duplicate /gene - cpdA_1 cpdA_2 cpdA_3
[19:09:57] Fixed 2 duplicate /gene - cmpR_1 cmpR_2
[19:09:57] Fixed 2 duplicate /gene - pntA_1 pntA_2
[19:09:57] Fixed 2 duplicate /gene - bcp_1 bcp_2
[19:09:57] Fixed 2 duplicate /gene - tldD_1 tldD_2
[19:09:57] Fixed 2 duplicate /gene - fbiC_1 fbiC_2
[19:09:57] Fixed 87 colliding /gene names.
[19:09:57] Adding /locus_tag identifiers
[19:09:57] Assigned 2076 locus_tags to CDS and RNA features.
[19:09:57] Writing outputs to TARA_MED_95_MAG_00146.prokka.d/
[19:09:58] Generating annotation statistics file
[19:09:58] Generating Genbank and Sequin files
[19:09:58] Running: tbl2asn -V b -a r10k -l paired-ends -M n -N 1 -y 'Annotated using prokka 1.14.6 from https://github.com/tseemann/prokka' -Z TARA_MED_95_MAG_00146\.prokka\.d\/TARA_MED_95_MAG_00146\.err -i TARA_MED_95_MAG_00146\.prokka\.d\/TARA_MED_95_MAG_00146\.fsa 2> /dev/null
[tbl2asn-forever] Found Prokka input, correcting dates in .gbf|.sqn files.
[tbl2asn-forever] Correcting dates in TARA_MED_95_MAG_00146.prokka.d/TARA_MED_95_MAG_00146.gbf
[tbl2asn-forever] Correcting dates in TARA_MED_95_MAG_00146.prokka.d/TARA_MED_95_MAG_00146.sqn
[tbl2asn-forever] Dates changed from 01-JAN-2019 to 24-JAN-2022
[19:10:01] Deleting unwanted file: TARA_MED_95_MAG_00146.prokka.d/errorsummary.val
[19:10:01] Deleting unwanted file: TARA_MED_95_MAG_00146.prokka.d/TARA_MED_95_MAG_00146.dr
[19:10:01] Deleting unwanted file: TARA_MED_95_MAG_00146.prokka.d/TARA_MED_95_MAG_00146.fixedproducts
[19:10:01] Deleting unwanted file: TARA_MED_95_MAG_00146.prokka.d/TARA_MED_95_MAG_00146.ecn
[19:10:01] Deleting unwanted file: TARA_MED_95_MAG_00146.prokka.d/TARA_MED_95_MAG_00146.val
[19:10:01] Repairing broken .GBK output that tbl2asn produces...
[19:10:01] Running: sed 's/COORDINATES: profile/COORDINATES:profile/' < TARA_MED_95_MAG_00146\.prokka\.d\/TARA_MED_95_MAG_00146\.gbf > TARA_MED_95_MAG_00146\.prokka\.d\/TARA_MED_95_MAG_00146\.gbk
[19:10:01] Deleting unwanted file: TARA_MED_95_MAG_00146.prokka.d/TARA_MED_95_MAG_00146.gbf
[19:10:01] Output files:
[19:10:01] TARA_MED_95_MAG_00146.prokka.d/TARA_MED_95_MAG_00146.sqn
[19:10:01] TARA_MED_95_MAG_00146.prokka.d/TARA_MED_95_MAG_00146.gbk
[19:10:01] TARA_MED_95_MAG_00146.prokka.d/TARA_MED_95_MAG_00146.txt
[19:10:01] TARA_MED_95_MAG_00146.prokka.d/TARA_MED_95_MAG_00146.log
[19:10:01] TARA_MED_95_MAG_00146.prokka.d/TARA_MED_95_MAG_00146.ffn
[19:10:01] TARA_MED_95_MAG_00146.prokka.d/TARA_MED_95_MAG_00146.gff
[19:10:01] TARA_MED_95_MAG_00146.prokka.d/TARA_MED_95_MAG_00146.tbl
[19:10:01] TARA_MED_95_MAG_00146.prokka.d/TARA_MED_95_MAG_00146.err
[19:10:01] TARA_MED_95_MAG_00146.prokka.d/TARA_MED_95_MAG_00146.faa
[19:10:01] TARA_MED_95_MAG_00146.prokka.d/TARA_MED_95_MAG_00146.tsv
[19:10:01] TARA_MED_95_MAG_00146.prokka.d/TARA_MED_95_MAG_00146.fsa
[19:10:01] TARA_MED_95_MAG_00146.prokka.d/TARA_MED_95_MAG_00146.fna
[19:10:01] Annotation finished successfully.
[19:10:01] Walltime used: 0.63 minutes
[19:10:01] If you use this result please cite the Prokka paper:
[19:10:01] Seemann T (2014) Prokka: rapid prokaryotic genome annotation. Bioinformatics. 30(14):2068-9.
[19:10:01] Type 'prokka --citation' for more details.
[19:10:01] Thank you, come again.
